Apache Maven 3.0.4 (r1232337; 2012-01-17 09:44:56+0100)
Maven home: /usr/share/maven
Java version: 1.7.0_21, vendor: Oracle Corporation
Java home: /Library/Java/JavaVirtualMachines/jdk1.7.0_21.jdk/Contents/Home/jre
Default locale: en_US, platform encoding: UTF-8
OS name: "mac os x", version: "10.8.3", arch: "x86_64", family: "mac"
[INFO] Error stacktraces are turned on.
[DEBUG] Reading global settings from /usr/share/maven/conf/settings.xml
[DEBUG] Reading user settings from /Users/glennbech/.m2/settings.xml
[DEBUG] Using local repository at /Users/glennbech/.m2/repository
[DEBUG] Using manager EnhancedLocalRepositoryManager with priority 10 for /Users/glennbech/.m2/repository
[INFO] Scanning for projects...
[DEBUG] Extension realms for project rs22-server:rs22-server:war:1.0-SNAPSHOT: (none)
[DEBUG] Looking up lifecyle mappings for packaging war from ClassRealm[plexus.core, parent: null]
[WARNING] 
[WARNING] Some problems were encountered while building the effective model for rs22-server:rs22-server:war:1.0-SNAPSHOT
[WARNING] 'dependencies.dependency.(groupId:artifactId:type:classifier)' must be unique: com.sun.jersey:jersey-client:jar -> version ${jersey-version} vs 1.9.1 @ line 76, column 21
[WARNING] 'dependencies.dependency.(groupId:artifactId:type:classifier)' must be unique: org.springframework:spring-context:jar -> duplicate declaration of version 3.2.3.RELEASE @ line 89, column 21
[WARNING] 
[WARNING] It is highly recommended to fix these problems because they threaten the stability of your build.
[WARNING] 
[WARNING] For this reason, future Maven versions might no longer support building such malformed projects.
[WARNING] 
[DEBUG] === REACTOR BUILD PLAN ================================================
[DEBUG] Project: rs22-server:rs22-server:war:1.0-SNAPSHOT
[DEBUG] Tasks:   [test]
[DEBUG] Style:   Regular
[DEBUG] =======================================================================
[INFO]                                                                         
[INFO] ------------------------------------------------------------------------
[INFO] Building rs22-server 1.0-SNAPSHOT
[INFO] ------------------------------------------------------------------------
[DEBUG] Lifecycle default -> [validate, initialize, generate-sources, process-sources, generate-resources, process-resources, compile, process-classes, generate-test-sources, process-test-sources, generate-test-resources, process-test-resources, test-compile, process-test-classes, test, prepare-package, package, pre-integration-test, integration-test, post-integration-test, verify, install, deploy]
[DEBUG] Lifecycle clean -> [pre-clean, clean, post-clean]
[DEBUG] Lifecycle site -> [pre-site, site, post-site, site-deploy]
[DEBUG] Lifecycle default -> [validate, initialize, generate-sources, process-sources, generate-resources, process-resources, compile, process-classes, generate-test-sources, process-test-sources, generate-test-resources, process-test-resources, test-compile, process-test-classes, test, prepare-package, package, pre-integration-test, integration-test, post-integration-test, verify, install, deploy]
[DEBUG] Lifecycle clean -> [pre-clean, clean, post-clean]
[DEBUG] Lifecycle site -> [pre-site, site, post-site, site-deploy]
[DEBUG] Lifecycle default -> [validate, initialize, generate-sources, process-sources, generate-resources, process-resources, compile, process-classes, generate-test-sources, process-test-sources, generate-test-resources, process-test-resources, test-compile, process-test-classes, test, prepare-package, package, pre-integration-test, integration-test, post-integration-test, verify, install, deploy]
[DEBUG] Lifecycle clean -> [pre-clean, clean, post-clean]
[DEBUG] Lifecycle site -> [pre-site, site, post-site, site-deploy]
[DEBUG] Lifecycle default -> [validate, initialize, generate-sources, process-sources, generate-resources, process-resources, compile, process-classes, generate-test-sources, process-test-sources, generate-test-resources, process-test-resources, test-compile, process-test-classes, test, prepare-package, package, pre-integration-test, integration-test, post-integration-test, verify, install, deploy]
[DEBUG] Lifecycle clean -> [pre-clean, clean, post-clean]
[DEBUG] Lifecycle site -> [pre-site, site, post-site, site-deploy]
[DEBUG] Lifecycle default -> [validate, initialize, generate-sources, process-sources, generate-resources, process-resources, compile, process-classes, generate-test-sources, process-test-sources, generate-test-resources, process-test-resources, test-compile, process-test-classes, test, prepare-package, package, pre-integration-test, integration-test, post-integration-test, verify, install, deploy]
[DEBUG] Lifecycle clean -> [pre-clean, clean, post-clean]
[DEBUG] Lifecycle site -> [pre-site, site, post-site, site-deploy]
[DEBUG] Lifecycle default -> [validate, initialize, generate-sources, process-sources, generate-resources, process-resources, compile, process-classes, generate-test-sources, process-test-sources, generate-test-resources, process-test-resources, test-compile, process-test-classes, test, prepare-package, package, pre-integration-test, integration-test, post-integration-test, verify, install, deploy]
[DEBUG] Lifecycle clean -> [pre-clean, clean, post-clean]
[DEBUG] Lifecycle site -> [pre-site, site, post-site, site-deploy]
[DEBUG] === PROJECT BUILD PLAN ================================================
[DEBUG] Project:       rs22-server:rs22-server:1.0-SNAPSHOT
[DEBUG] Dependencies (collect): []
[DEBUG] Dependencies (resolve): [compile, test]
[DEBUG] Repositories (dependencies): [central (http://repo.maven.apache.org/maven2, releases)]
[DEBUG] Repositories (plugins)     : [central (http://repo.maven.apache.org/maven2, releases)]
[DEBUG] -----------------------------------------------------------------------
[DEBUG] Goal:          org.apache.maven.plugins:maven-resources-plugin:2.5:resources (default-resources)
[DEBUG] Style:         Regular
[DEBUG] Configuration: <?xml version="1.0" encoding="UTF-8"?>
<configuration>
  <buildFilters default-value="${project.build.filters}"/>
  <encoding default-value="${project.build.sourceEncoding}">${encoding}</encoding>
  <escapeString>${maven.resources.escapeString}</escapeString>
  <escapeWindowsPaths default-value="true">${maven.resources.escapeWindowsPaths}</escapeWindowsPaths>
  <includeEmptyDirs default-value="false">${maven.resources.includeEmptyDirs}</includeEmptyDirs>
  <outputDirectory default-value="${project.build.outputDirectory}"/>
  <overwrite default-value="false">${maven.resources.overwrite}</overwrite>
  <project default-value="${project}"/>
  <resources default-value="${project.resources}"/>
  <session default-value="${session}"/>
  <supportMultiLineFiltering default-value="false">${maven.resources.supportMultiLineFiltering}</supportMultiLineFiltering>
  <useBuildFilters default-value="true"/>
  <useDefaultDelimiters default-value="true"/>
</configuration>
[DEBUG] -----------------------------------------------------------------------
[DEBUG] Goal:          org.apache.maven.plugins:maven-compiler-plugin:2.3.2:compile (default-compile)
[DEBUG] Style:         Regular
[DEBUG] Configuration: <?xml version="1.0" encoding="UTF-8"?>
<configuration>
  <basedir default-value="${basedir}"/>
  <buildDirectory default-value="${project.build.directory}"/>
  <classpathElements default-value="${project.compileClasspathElements}"/>
  <compileSourceRoots default-value="${project.compileSourceRoots}"/>
  <compilerId default-value="javac">${maven.compiler.compilerId}</compilerId>
  <compilerVersion>${maven.compiler.compilerVersion}</compilerVersion>
  <debug default-value="true">${maven.compiler.debug}</debug>
  <debuglevel>${maven.compiler.debuglevel}</debuglevel>
  <encoding default-value="${project.build.sourceEncoding}">${encoding}</encoding>
  <executable>${maven.compiler.executable}</executable>
  <failOnError default-value="true">${maven.compiler.failOnError}</failOnError>
  <fork default-value="false">${maven.compiler.fork}</fork>
  <generatedSourcesDirectory default-value="${project.build.directory}/generated-sources/annotations"/>
  <maxmem>${maven.compiler.maxmem}</maxmem>
  <meminitial>${maven.compiler.meminitial}</meminitial>
  <optimize default-value="false">${maven.compiler.optimize}</optimize>
  <outputDirectory default-value="${project.build.outputDirectory}"/>
  <outputFileName>${project.build.finalName}</outputFileName>
  <projectArtifact default-value="${project.artifact}"/>
  <session default-value="${session}"/>
  <showDeprecation default-value="false">${maven.compiler.showDeprecation}</showDeprecation>
  <showWarnings default-value="false">${maven.compiler.showWarnings}</showWarnings>
  <source default-value="1.5">${maven.compiler.source}</source>
  <staleMillis default-value="0">${lastModGranularityMs}</staleMillis>
  <target default-value="1.5">${maven.compiler.target}</target>
  <verbose default-value="false">${maven.compiler.verbose}</verbose>
</configuration>
[DEBUG] -----------------------------------------------------------------------
[DEBUG] Goal:          org.apache.maven.plugins:maven-resources-plugin:2.5:testResources (default-testResources)
[DEBUG] Style:         Regular
[DEBUG] Configuration: <?xml version="1.0" encoding="UTF-8"?>
<configuration>
  <buildFilters default-value="${project.build.filters}"/>
  <encoding default-value="${project.build.sourceEncoding}">${encoding}</encoding>
  <escapeString>${maven.resources.escapeString}</escapeString>
  <escapeWindowsPaths default-value="true">${maven.resources.escapeWindowsPaths}</escapeWindowsPaths>
  <includeEmptyDirs default-value="false">${maven.resources.includeEmptyDirs}</includeEmptyDirs>
  <outputDirectory>${project.build.testOutputDirectory}</outputDirectory>
  <overwrite default-value="false">${maven.resources.overwrite}</overwrite>
  <project default-value="${project}"/>
  <resources>${project.testResources}</resources>
  <session default-value="${session}"/>
  <supportMultiLineFiltering default-value="false">${maven.resources.supportMultiLineFiltering}</supportMultiLineFiltering>
  <useBuildFilters default-value="true"/>
  <useDefaultDelimiters default-value="true"/>
</configuration>
[DEBUG] -----------------------------------------------------------------------
[DEBUG] Goal:          org.apache.maven.plugins:maven-compiler-plugin:2.3.2:testCompile (default-testCompile)
[DEBUG] Style:         Regular
[DEBUG] Configuration: <?xml version="1.0" encoding="UTF-8"?>
<configuration>
  <basedir default-value="${basedir}"/>
  <buildDirectory default-value="${project.build.directory}"/>
  <classpathElements default-value="${project.testClasspathElements}"/>
  <compileSourceRoots default-value="${project.testCompileSourceRoots}"/>
  <compilerId default-value="javac">${maven.compiler.compilerId}</compilerId>
  <compilerVersion>${maven.compiler.compilerVersion}</compilerVersion>
  <debug default-value="true">${maven.compiler.debug}</debug>
  <debuglevel>${maven.compiler.debuglevel}</debuglevel>
  <encoding default-value="${project.build.sourceEncoding}">${encoding}</encoding>
  <executable>${maven.compiler.executable}</executable>
  <failOnError default-value="true">${maven.compiler.failOnError}</failOnError>
  <fork default-value="false">${maven.compiler.fork}</fork>
  <generatedTestSourcesDirectory default-value="${project.build.directory}/generated-sources/test-annotations"/>
  <maxmem>${maven.compiler.maxmem}</maxmem>
  <meminitial>${maven.compiler.meminitial}</meminitial>
  <optimize default-value="false">${maven.compiler.optimize}</optimize>
  <outputDirectory default-value="${project.build.testOutputDirectory}"/>
  <outputFileName>${project.build.finalName}</outputFileName>
  <session default-value="${session}"/>
  <showDeprecation default-value="false">${maven.compiler.showDeprecation}</showDeprecation>
  <showWarnings default-value="false">${maven.compiler.showWarnings}</showWarnings>
  <skip>${maven.test.skip}</skip>
  <source default-value="1.5">${maven.compiler.source}</source>
  <staleMillis default-value="0">${lastModGranularityMs}</staleMillis>
  <target default-value="1.5">${maven.compiler.target}</target>
  <testSource>${maven.compiler.testSource}</testSource>
  <testTarget>${maven.compiler.testTarget}</testTarget>
  <verbose default-value="false">${maven.compiler.verbose}</verbose>
</configuration>
[DEBUG] -----------------------------------------------------------------------
[DEBUG] Goal:          org.apache.maven.plugins:maven-surefire-plugin:2.15:test (default-test)
[DEBUG] Style:         Regular
[DEBUG] Configuration: <?xml version="1.0" encoding="UTF-8"?>
<configuration>
  <additionalClasspathElements>${maven.test.additionalClasspath}</additionalClasspathElements>
  <argLine>${argLine}</argLine>
  <basedir default-value="${basedir}"/>
  <childDelegation default-value="false">${childDelegation}</childDelegation>
  <classesDirectory default-value="${project.build.outputDirectory}"/>
  <classpathDependencyExcludes>${maven.test.dependency.excludes}</classpathDependencyExcludes>
  <debugForkedProcess>${maven.surefire.debug}</debugForkedProcess>
  <dependenciesToScan>${dependenciesToScan}</dependenciesToScan>
  <disableXmlReport default-value="false">${disableXmlReport}</disableXmlReport>
  <enableAssertions default-value="true">${enableAssertions}</enableAssertions>
  <excludedGroups>${excludedGroups}</excludedGroups>
  <excludes>
    <exclude>**/*IT.java</exclude>
  </excludes>
  <failIfNoSpecifiedTests>${surefire.failIfNoSpecifiedTests}</failIfNoSpecifiedTests>
  <failIfNoTests>${failIfNoTests}</failIfNoTests>
  <forkCount default-value="1">${forkCount}</forkCount>
  <forkMode default-value="once">${forkMode}</forkMode>
  <forkedProcessTimeoutInSeconds>${surefire.timeout}</forkedProcessTimeoutInSeconds>
  <groups>${groups}</groups>
  <junitArtifactName default-value="junit:junit">${junitArtifactName}</junitArtifactName>
  <jvm>${jvm}</jvm>
  <localRepository default-value="${localRepository}"/>
  <objectFactory>${objectFactory}</objectFactory>
  <parallel>${parallel}</parallel>
  <parallelMavenExecution default-value="${session.parallel}"/>
  <perCoreThreadCount default-value="true">${perCoreThreadCount}</perCoreThreadCount>
  <pluginArtifactMap>${plugin.artifactMap}</pluginArtifactMap>
  <pluginDescriptor default-value="${plugin}"/>
  <printSummary default-value="true">${surefire.printSummary}</printSummary>
  <projectArtifactMap>${project.artifactMap}</projectArtifactMap>
  <redirectTestOutputToFile default-value="false">${maven.test.redirectTestOutputToFile}</redirectTestOutputToFile>
  <remoteRepositories default-value="${project.pluginArtifactRepositories}"/>
  <reportFormat default-value="brief">${surefire.reportFormat}</reportFormat>
  <reportNameSuffix default-value="">${surefire.reportNameSuffix}</reportNameSuffix>
  <reportsDirectory default-value="${project.build.directory}/surefire-reports"/>
  <reuseForks default-value="true">${reuseForks}</reuseForks>
  <runOrder default-value="filesystem"/>
  <skip default-value="false">${maven.test.skip}</skip>
  <skipExec>${maven.test.skip.exec}</skipExec>
  <skipTests default-value="false">${skipTests}</skipTests>
  <test>${test}</test>
  <testClassesDirectory default-value="${project.build.testOutputDirectory}"/>
  <testFailureIgnore default-value="false">${maven.test.failure.ignore}</testFailureIgnore>
  <testNGArtifactName default-value="org.testng:testng">${testNGArtifactName}</testNGArtifactName>
  <testSourceDirectory default-value="${project.build.testSourceDirectory}"/>
  <threadCount>${threadCount}</threadCount>
  <trimStackTrace default-value="true">${trimStackTrace}</trimStackTrace>
  <useFile default-value="true">${surefire.useFile}</useFile>
  <useManifestOnlyJar default-value="true">${surefire.useManifestOnlyJar}</useManifestOnlyJar>
  <useSystemClassLoader default-value="true">${surefire.useSystemClassLoader}</useSystemClassLoader>
  <useUnlimitedThreads default-value="false">${useUnlimitedThreads}</useUnlimitedThreads>
  <workingDirectory>${basedir}</workingDirectory>
  <project default-value="${project}"/>
  <session default-value="${session}"/>
</configuration>
[DEBUG] =======================================================================
[DEBUG] rs22-server:rs22-server:war:1.0-SNAPSHOT
[DEBUG]    com.restfuse:com.eclipsesource.restfuse:jar:1.0.0:test
[DEBUG]       org.mortbay.jetty:jetty-j2se6:jar:6.1.26:test
[DEBUG]          org.mortbay.jetty:jetty:jar:6.1.26:test
[DEBUG]             org.mortbay.jetty:jetty-util:jar:6.1.26:test
[DEBUG]             org.mortbay.jetty:servlet-api:jar:2.5-20081211:test
[DEBUG]       com.sun.jersey:jersey-bundle:jar:1.9.1:test
[DEBUG]          javax.ws.rs:jsr311-api:jar:1.1.1:test
[DEBUG]    javax.servlet:servlet-api:jar:2.5:compile
[DEBUG]    javax.activation:activation:jar:1.1:compile
[DEBUG]    javax.mail:mail:jar:1.4:compile
[DEBUG]    com.sun.jersey:jersey-servlet:jar:1.17:compile
[DEBUG]       com.sun.jersey:jersey-server:jar:1.17:compile
[DEBUG]          asm:asm:jar:3.1:compile
[DEBUG]    com.sun.jersey:jersey-json:jar:1.17:compile
[DEBUG]       org.codehaus.jettison:jettison:jar:1.1:compile
[DEBUG]       com.sun.xml.bind:jaxb-impl:jar:2.2.3-1:compile
[DEBUG]          javax.xml.bind:jaxb-api:jar:2.2.2:compile
[DEBUG]             javax.xml.stream:stax-api:jar:1.0-2:compile
[DEBUG]       org.codehaus.jackson:jackson-core-asl:jar:1.9.2:compile
[DEBUG]       org.codehaus.jackson:jackson-mapper-asl:jar:1.9.2:compile
[DEBUG]       org.codehaus.jackson:jackson-jaxrs:jar:1.9.2:compile
[DEBUG]       org.codehaus.jackson:jackson-xc:jar:1.9.2:compile
[DEBUG]       com.sun.jersey:jersey-core:jar:1.17:compile
[DEBUG]    junit:junit:jar:4.8.2:test
[DEBUG]    com.sun.jersey:jersey-client:jar:1.9.1:compile
[DEBUG]    org.springframework:spring-context:jar:3.2.3.RELEASE:compile
[DEBUG]       org.springframework:spring-aop:jar:3.2.3.RELEASE:compile
[DEBUG]       org.springframework:spring-beans:jar:3.2.3.RELEASE:compile
[DEBUG]       org.springframework:spring-expression:jar:3.2.3.RELEASE:compile
[DEBUG]    org.springframework:spring-jdbc:jar:3.2.3.RELEASE:compile
[DEBUG]       org.springframework:spring-tx:jar:3.2.3.RELEASE:compile
[DEBUG]    org.springframework:spring-core:jar:3.2.3.RELEASE:compile
[DEBUG]       commons-logging:commons-logging:jar:1.1.1:compile
[DEBUG]    org.springframework:spring-web:jar:3.2.3.RELEASE:compile
[DEBUG]       aopalliance:aopalliance:jar:1.0:compile
[DEBUG]    mysql:mysql-connector-java:jar:5.1.6:compile
[DEBUG]    com.fasterxml.jackson.core:jackson-annotations:jar:2.1.2:compile
[INFO] 
[INFO] --- maven-resources-plugin:2.5:resources (default-resources) @ rs22-server ---
[DEBUG] Created new class realm maven.api
[DEBUG] Importing foreign packages into class realm maven.api
[DEBUG]   Imported: org.apache.maven.wagon.events < plexus.core
[DEBUG]   Imported: org.sonatype.aether.transfer < plexus.core
[DEBUG]   Imported: org.apache.maven.exception < plexus.core
[DEBUG]   Imported: org.sonatype.aether.metadata < plexus.core
[DEBUG]   Imported: org.codehaus.plexus.util.xml.Xpp3Dom < plexus.core
[DEBUG]   Imported: org.sonatype.aether.collection < plexus.core
[DEBUG]   Imported: org.sonatype.aether.version < plexus.core
[DEBUG]   Imported: org.apache.maven.monitor < plexus.core
[DEBUG]   Imported: org.apache.maven.wagon.repository < plexus.core
[DEBUG]   Imported: org.apache.maven.repository < plexus.core
[DEBUG]   Imported: org.apache.maven.wagon.resource < plexus.core
[DEBUG]   Imported: org.codehaus.plexus.logging < plexus.core
[DEBUG]   Imported: org.apache.maven.profiles < plexus.core
[DEBUG]   Imported: org.sonatype.aether.repository < plexus.core
[DEBUG]   Imported: org.apache.maven.classrealm < plexus.core
[DEBUG]   Imported: org.apache.maven.execution < plexus.core
[DEBUG]   Imported: org.sonatype.aether.artifact < plexus.core
[DEBUG]   Imported: org.sonatype.aether.spi < plexus.core
[DEBUG]   Imported: org.apache.maven.reporting < plexus.core
[DEBUG]   Imported: org.apache.maven.usability < plexus.core
[DEBUG]   Imported: org.codehaus.plexus.container < plexus.core
[DEBUG]   Imported: org.codehaus.plexus.component < plexus.core
[DEBUG]   Imported: org.codehaus.plexus.util.xml.pull.XmlSerializer < plexus.core
[DEBUG]   Imported: org.apache.maven.wagon.authentication < plexus.core
[DEBUG]   Imported: org.apache.maven.lifecycle < plexus.core
[DEBUG]   Imported: org.codehaus.plexus.classworlds < plexus.core
[DEBUG]   Imported: org.sonatype.aether.graph < plexus.core
[DEBUG]   Imported: org.sonatype.aether.* < plexus.core
[DEBUG]   Imported: org.apache.maven.settings < plexus.core
[DEBUG]   Imported: org.codehaus.classworlds < plexus.core
[DEBUG]   Imported: org.sonatype.aether.impl < plexus.core
[DEBUG]   Imported: org.apache.maven.wagon.* < plexus.core
[DEBUG]   Imported: org.apache.maven.toolchain < plexus.core
[DEBUG]   Imported: org.sonatype.aether.deployment < plexus.core
[DEBUG]   Imported: org.apache.maven.wagon.observers < plexus.core
[DEBUG]   Imported: org.codehaus.plexus.util.xml.pull.XmlPullParserException < plexus.core
[DEBUG]   Imported: org.codehaus.plexus.util.xml.pull.XmlPullParser < plexus.core
[DEBUG]   Imported: org.apache.maven.configuration < plexus.core
[DEBUG]   Imported: org.apache.maven.cli < plexus.core
[DEBUG]   Imported: org.sonatype.aether.installation < plexus.core
[DEBUG]   Imported: org.codehaus.plexus.context < plexus.core
[DEBUG]   Imported: org.apache.maven.wagon.authorization < plexus.core
[DEBUG]   Imported: org.apache.maven.project < plexus.core
[DEBUG]   Imported: org.apache.maven.rtinfo < plexus.core
[DEBUG]   Imported: org.codehaus.plexus.lifecycle < plexus.core
[DEBUG]   Imported: org.codehaus.plexus.configuration < plexus.core
[DEBUG]   Imported: org.apache.maven.artifact < plexus.core
[DEBUG]   Imported: org.apache.maven.model < plexus.core
[DEBUG]   Imported: org.apache.maven.* < plexus.core
[DEBUG]   Imported: org.apache.maven.wagon.proxy < plexus.core
[DEBUG]   Imported: org.sonatype.aether.resolution < plexus.core
[DEBUG]   Imported: org.apache.maven.plugin < plexus.core
[DEBUG]   Imported: org.codehaus.plexus.* < plexus.core
[DEBUG]   Imported: org.codehaus.plexus.personality < plexus.core
[DEBUG] Populating class realm maven.api
[DEBUG] org.apache.maven.plugins:maven-resources-plugin:jar:2.5:
[DEBUG]    org.apache.maven:maven-plugin-api:jar:2.0.6:compile
[DEBUG]    org.apache.maven:maven-project:jar:2.0.6:compile
[DEBUG]       org.apache.maven:maven-profile:jar:2.0.6:compile
[DEBUG]       org.apache.maven:maven-artifact-manager:jar:2.0.6:compile
[DEBUG]       org.apache.maven:maven-plugin-registry:jar:2.0.6:compile
[DEBUG]    org.apache.maven:maven-core:jar:2.0.6:compile
[DEBUG]       org.apache.maven:maven-plugin-parameter-documenter:jar:2.0.6:compile
[DEBUG]       org.apache.maven.reporting:maven-reporting-api:jar:2.0.6:compile
[DEBUG]          org.apache.maven.doxia:doxia-sink-api:jar:1.0-alpha-7:compile
[DEBUG]       org.apache.maven:maven-repository-metadata:jar:2.0.6:compile
[DEBUG]       org.apache.maven:maven-error-diagnostics:jar:2.0.6:compile
[DEBUG]       commons-cli:commons-cli:jar:1.0:compile
[DEBUG]       org.apache.maven:maven-plugin-descriptor:jar:2.0.6:compile
[DEBUG]       org.codehaus.plexus:plexus-interactivity-api:jar:1.0-alpha-4:compile
[DEBUG]       classworlds:classworlds:jar:1.1:compile
[DEBUG]    org.apache.maven:maven-artifact:jar:2.0.6:compile
[DEBUG]    org.apache.maven:maven-settings:jar:2.0.6:compile
[DEBUG]    org.apache.maven:maven-model:jar:2.0.6:compile
[DEBUG]    org.apache.maven:maven-monitor:jar:2.0.6:compile
[DEBUG]    org.codehaus.plexus:plexus-container-default:jar:1.0-alpha-9-stable-1:compile
[DEBUG]       junit:junit:jar:3.8.1:compile
[DEBUG]    org.codehaus.plexus:plexus-utils:jar:2.0.5:compile
[DEBUG]    org.apache.maven.shared:maven-filtering:jar:1.0:compile
[DEBUG]       org.sonatype.plexus:plexus-build-api:jar:0.0.4:compile
[DEBUG]    org.codehaus.plexus:plexus-interpolation:jar:1.13:compile
[DEBUG] Created new class realm plugin>org.apache.maven.plugins:maven-resources-plugin:2.5
[DEBUG] Importing foreign packages into class realm plugin>org.apache.maven.plugins:maven-resources-plugin:2.5
[DEBUG]   Imported:  < maven.api
[DEBUG] Populating class realm plugin>org.apache.maven.plugins:maven-resources-plugin:2.5
[DEBUG]   Included: org.apache.maven.plugins:maven-resources-plugin:jar:2.5
[DEBUG]   Included: org.apache.maven.reporting:maven-reporting-api:jar:2.0.6
[DEBUG]   Included: org.apache.maven.doxia:doxia-sink-api:jar:1.0-alpha-7
[DEBUG]   Included: commons-cli:commons-cli:jar:1.0
[DEBUG]   Included: org.codehaus.plexus:plexus-interactivity-api:jar:1.0-alpha-4
[DEBUG]   Included: junit:junit:jar:3.8.1
[DEBUG]   Included: org.codehaus.plexus:plexus-utils:jar:2.0.5
[DEBUG]   Included: org.apache.maven.shared:maven-filtering:jar:1.0
[DEBUG]   Included: org.sonatype.plexus:plexus-build-api:jar:0.0.4
[DEBUG]   Included: org.codehaus.plexus:plexus-interpolation:jar:1.13
[DEBUG]   Excluded: org.apache.maven:maven-plugin-api:jar:2.0.6
[DEBUG]   Excluded: org.apache.maven:maven-project:jar:2.0.6
[DEBUG]   Excluded: org.apache.maven:maven-profile:jar:2.0.6
[DEBUG]   Excluded: org.apache.maven:maven-artifact-manager:jar:2.0.6
[DEBUG]   Excluded: org.apache.maven:maven-plugin-registry:jar:2.0.6
[DEBUG]   Excluded: org.apache.maven:maven-core:jar:2.0.6
[DEBUG]   Excluded: org.apache.maven:maven-plugin-parameter-documenter:jar:2.0.6
[DEBUG]   Excluded: org.apache.maven:maven-repository-metadata:jar:2.0.6
[DEBUG]   Excluded: org.apache.maven:maven-error-diagnostics:jar:2.0.6
[DEBUG]   Excluded: org.apache.maven:maven-plugin-descriptor:jar:2.0.6
[DEBUG]   Excluded: classworlds:classworlds:jar:1.1
[DEBUG]   Excluded: org.apache.maven:maven-artifact:jar:2.0.6
[DEBUG]   Excluded: org.apache.maven:maven-settings:jar:2.0.6
[DEBUG]   Excluded: org.apache.maven:maven-model:jar:2.0.6
[DEBUG]   Excluded: org.apache.maven:maven-monitor:jar:2.0.6
[DEBUG]   Excluded: org.codehaus.plexus:plexus-container-default:jar:1.0-alpha-9-stable-1
[DEBUG] Configuring mojo org.apache.maven.plugins:maven-resources-plugin:2.5:resources from plugin realm ClassRealm[plugin>org.apache.maven.plugins:maven-resources-plugin:2.5, parent: sun.misc.Launcher$AppClassLoader@1b5268d7]
[debug] execute contextualize
[DEBUG] Configuring mojo 'org.apache.maven.plugins:maven-resources-plugin:2.5:resources' with basic configurator -->
[DEBUG]   (f) buildFilters = []
[DEBUG]   (f) encoding = UTF-8
[DEBUG]   (f) escapeWindowsPaths = true
[DEBUG]   (s) includeEmptyDirs = false
[DEBUG]   (s) outputDirectory = /Users/glennbech/dev/usda-api-server/target/classes
[DEBUG]   (s) overwrite = false
[DEBUG]   (f) project = MavenProject: rs22-server:rs22-server:1.0-SNAPSHOT @ /Users/glennbech/dev/usda-api-server/pom.xml
[DEBUG]   (s) resources = [Resource {targetPath: null, filtering: false, FileSet {directory: /Users/glennbech/dev/usda-api-server/src/main/resources, PatternSet [includes: {}, excludes: {}]}}]
[DEBUG]   (f) session = org.apache.maven.execution.MavenSession@5bdd369f
[DEBUG]   (f) supportMultiLineFiltering = false
[DEBUG]   (f) useBuildFilters = true
[DEBUG]   (s) useDefaultDelimiters = true
[DEBUG] -- end configuration --
[DEBUG] properties used {java.vendor=Oracle Corporation, sun.java.launcher=SUN_STANDARD, sun.management.compiler=HotSpot 64-Bit Tiered Compilers, os.name=Mac OS X, sun.boot.class.path=/Library/Java/JavaVirtualMachines/jdk1.7.0_21.jdk/Contents/Home/jre/lib/resources.jar:/Library/Java/JavaVirtualMachines/jdk1.7.0_21.jdk/Contents/Home/jre/lib/rt.jar:/Library/Java/JavaVirtualMachines/jdk1.7.0_21.jdk/Contents/Home/jre/lib/sunrsasign.jar:/Library/Java/JavaVirtualMachines/jdk1.7.0_21.jdk/Contents/Home/jre/lib/jsse.jar:/Library/Java/JavaVirtualMachines/jdk1.7.0_21.jdk/Contents/Home/jre/lib/jce.jar:/Library/Java/JavaVirtualMachines/jdk1.7.0_21.jdk/Contents/Home/jre/lib/charsets.jar:/Library/Java/JavaVirtualMachines/jdk1.7.0_21.jdk/Contents/Home/jre/lib/jfr.jar:/Library/Java/JavaVirtualMachines/jdk1.7.0_21.jdk/Contents/Home/jre/lib/JObjC.jar:/Library/Java/JavaVirtualMachines/jdk1.7.0_21.jdk/Contents/Home/jre/classes, env.TMPDIR=/var/folders/9r/k3jxw07n65s6tlq_66sspnym0000gn/T/, env.Apple_Ubiquity_Message=/tmp/launch-GULX8D/Apple_Ubiquity_Message, env.PWD=/Users/glennbech/dev/usda-api-server, user.country.format=NO, java.vm.specification.vendor=Oracle Corporation, java.runtime.version=1.7.0_21-b12, jersey-version=1.8, env.Apple_PubSub_Socket_Render=/tmp/launch-ARSdQa/Render, project.build.sourceEncoding=UTF-8, user.name=glennbech, maven.build.version=Apache Maven 3.0.4 (r1232337; 2012-01-17 09:44:56+0100), env.USER=glennbech, env.SHELL=/bin/bash, env.__CF_USER_TEXT_ENCODING=0x1F5:0:0, env.PATH=/usr/bin:/bin:/usr/sbin:/sbin:/usr/local/bin:/usr/local/git/bin, user.language=en, sun.boot.library.path=/Library/Java/JavaVirtualMachines/jdk1.7.0_21.jdk/Contents/Home/jre/lib, classworlds.conf=/usr/share/maven/bin/m2.conf, env.LC_CTYPE=UTF-8, java.version=1.7.0_21, user.timezone=Europe/Oslo, sun.arch.data.model=64, http.nonProxyHosts=local|*.local|169.254/16|*.169.254/16, java.endorsed.dirs=/Library/Java/JavaVirtualMachines/jdk1.7.0_21.jdk/Contents/Home/jre/lib/endorsed, sun.cpu.isalist=, sun.jnu.encoding=UTF-8, file.encoding.pkg=sun.io, env.SHLVL=1, file.separator=/, java.specification.name=Java Platform API Specification, java.class.version=51.0, user.country=US, java.home=/Library/Java/JavaVirtualMachines/jdk1.7.0_21.jdk/Contents/Home/jre, java.vm.info=mixed mode, env.LOGNAME=glennbech, os.version=10.8.3, env.TERM_PROGRAM_VERSION=309, path.separator=:, java.vm.version=23.21-b01, jettyVersion=7.5.3.v20111011, java.awt.printerjob=sun.lwawt.macosx.CPrinterJob, env.TERM=xterm-256color, jstlVersion=1.2, sun.io.unicode.encoding=UnicodeBig, awt.toolkit=sun.lwawt.macosx.LWCToolkit, socksNonProxyHosts=local|*.local|169.254/16|*.169.254/16, ftp.nonProxyHosts=local|*.local|169.254/16|*.169.254/16, user.home=/Users/glennbech, env.OLDPWD=/Users/glennbech/dev/usda-api-server, java.specification.vendor=Oracle Corporation, env.COM_GOOGLE_CHROME_FRAMEWORK_SERVICE_PROCESS/USERS/GLENNBECH/LIBRARY/APPLICATION_SUPPORT/GOOGLE/CHROME_SOCKET=/tmp/launch-1jRbXc/ServiceProcessSocket, env.JAVA_MAIN_CLASS_16027=org.codehaus.plexus.classworlds.launcher.Launcher, env.TERM_PROGRAM=Apple_Terminal, java.library.path=/Users/glennbech/Library/Java/Extensions:/Library/Java/Extensions:/Network/Library/Java/Extensions:/System/Library/Java/Extensions:/usr/lib/java:., java.vendor.url=http://java.oracle.com/, java.vm.vendor=Oracle Corporation, gopherProxySet=false, maven.home=/usr/share/maven, java.runtime.name=Java(TM) SE Runtime Environment, sun.java.command=org.codehaus.plexus.classworlds.launcher.Launcher -X test, java.class.path=/usr/share/maven/boot/plexus-classworlds-2.4.jar, env.TERM_SESSION_ID=EEB313C9-0E85-4FB8-BF0A-562CD4B10C7A, maven.version=3.0.4, java.vm.specification.name=Java Virtual Machine Specification, java.vm.specification.version=1.7, jerseyVersion=1.17, sun.cpu.endian=little, sun.os.patch.level=unknown, env.HOME=/Users/glennbech, java.io.tmpdir=/var/folders/9r/k3jxw07n65s6tlq_66sspnym0000gn/T/, java.vendor.url.bug=http://bugreport.sun.com/bugreport/, env.SSH_AUTH_SOCK=/tmp/launch-6eKjAK/Listeners, env.COMMAND_MODE=unix2003, os.arch=x86_64, java.awt.graphicsenv=sun.awt.CGraphicsEnvironment, java.ext.dirs=/Users/glennbech/Library/Java/Extensions:/Library/Java/JavaVirtualMachines/jdk1.7.0_21.jdk/Contents/Home/jre/lib/ext:/Library/Java/Extensions:/Network/Library/Java/Extensions:/System/Library/Java/Extensions:/usr/lib/java, user.dir=/Users/glennbech/dev/usda-api-server, line.separator=
, java.vm.name=Java HotSpot(TM) 64-Bit Server VM, file.encoding=UTF-8, java.specification.version=1.7, compilerPluginVersion=2.3.2}
[INFO] Using 'UTF-8' encoding to copy filtered resources.
[DEBUG] resource with targetPath null
directory /Users/glennbech/dev/usda-api-server/src/main/resources
excludes []
includes []
[DEBUG] ignoreDelta true
[INFO] Copying 2 resources
[DEBUG] file database.properties has a filtered file extension
[DEBUG] copy /Users/glennbech/dev/usda-api-server/src/main/resources/database.properties to /Users/glennbech/dev/usda-api-server/target/classes/database.properties
[DEBUG] file database_dev.properties has a filtered file extension
[DEBUG] copy /Users/glennbech/dev/usda-api-server/src/main/resources/database_dev.properties to /Users/glennbech/dev/usda-api-server/target/classes/database_dev.properties
[DEBUG] no use filter components
[INFO] 
[INFO] --- maven-compiler-plugin:2.3.2:compile (default-compile) @ rs22-server ---
[DEBUG] org.apache.maven.plugins:maven-compiler-plugin:jar:2.3.2:
[DEBUG]    org.apache.maven:maven-plugin-api:jar:2.0.6:compile
[DEBUG]    org.apache.maven:maven-artifact:jar:2.0.6:compile
[DEBUG]    org.apache.maven:maven-core:jar:2.0.6:compile
[DEBUG]       org.apache.maven:maven-settings:jar:2.0.6:compile
[DEBUG]       org.apache.maven:maven-plugin-parameter-documenter:jar:2.0.6:compile
[DEBUG]       org.apache.maven:maven-profile:jar:2.0.6:compile
[DEBUG]       org.apache.maven:maven-model:jar:2.0.6:compile
[DEBUG]       org.apache.maven:maven-repository-metadata:jar:2.0.6:compile
[DEBUG]       org.apache.maven:maven-error-diagnostics:jar:2.0.6:compile
[DEBUG]       org.apache.maven:maven-project:jar:2.0.6:compile
[DEBUG]          org.apache.maven:maven-plugin-registry:jar:2.0.6:compile
[DEBUG]       org.apache.maven:maven-plugin-descriptor:jar:2.0.6:compile
[DEBUG]       org.apache.maven:maven-artifact-manager:jar:2.0.6:compile
[DEBUG]       org.apache.maven:maven-monitor:jar:2.0.6:compile
[DEBUG]    org.apache.maven:maven-toolchain:jar:1.0:compile
[DEBUG]    org.codehaus.plexus:plexus-utils:jar:2.0.5:compile
[DEBUG]    org.codehaus.plexus:plexus-compiler-api:jar:1.8.1:compile
[DEBUG]    org.codehaus.plexus:plexus-compiler-manager:jar:1.8.1:compile
[DEBUG]    org.codehaus.plexus:plexus-compiler-javac:jar:1.8.1:runtime
[DEBUG] Created new class realm plugin>org.apache.maven.plugins:maven-compiler-plugin:2.3.2
[DEBUG] Importing foreign packages into class realm plugin>org.apache.maven.plugins:maven-compiler-plugin:2.3.2
[DEBUG]   Imported:  < maven.api
[DEBUG] Populating class realm plugin>org.apache.maven.plugins:maven-compiler-plugin:2.3.2
[DEBUG]   Included: org.apache.maven.plugins:maven-compiler-plugin:jar:2.3.2
[DEBUG]   Included: org.codehaus.plexus:plexus-utils:jar:2.0.5
[DEBUG]   Included: org.codehaus.plexus:plexus-compiler-api:jar:1.8.1
[DEBUG]   Included: org.codehaus.plexus:plexus-compiler-manager:jar:1.8.1
[DEBUG]   Included: org.codehaus.plexus:plexus-compiler-javac:jar:1.8.1
[DEBUG]   Excluded: org.apache.maven:maven-plugin-api:jar:2.0.6
[DEBUG]   Excluded: org.apache.maven:maven-artifact:jar:2.0.6
[DEBUG]   Excluded: org.apache.maven:maven-core:jar:2.0.6
[DEBUG]   Excluded: org.apache.maven:maven-settings:jar:2.0.6
[DEBUG]   Excluded: org.apache.maven:maven-plugin-parameter-documenter:jar:2.0.6
[DEBUG]   Excluded: org.apache.maven:maven-profile:jar:2.0.6
[DEBUG]   Excluded: org.apache.maven:maven-model:jar:2.0.6
[DEBUG]   Excluded: org.apache.maven:maven-repository-metadata:jar:2.0.6
[DEBUG]   Excluded: org.apache.maven:maven-error-diagnostics:jar:2.0.6
[DEBUG]   Excluded: org.apache.maven:maven-project:jar:2.0.6
[DEBUG]   Excluded: org.apache.maven:maven-plugin-registry:jar:2.0.6
[DEBUG]   Excluded: org.apache.maven:maven-plugin-descriptor:jar:2.0.6
[DEBUG]   Excluded: org.apache.maven:maven-artifact-manager:jar:2.0.6
[DEBUG]   Excluded: org.apache.maven:maven-monitor:jar:2.0.6
[DEBUG]   Excluded: org.apache.maven:maven-toolchain:jar:1.0
[DEBUG] Configuring mojo org.apache.maven.plugins:maven-compiler-plugin:2.3.2:compile from plugin realm ClassRealm[plugin>org.apache.maven.plugins:maven-compiler-plugin:2.3.2, parent: sun.misc.Launcher$AppClassLoader@1b5268d7]
[DEBUG] Configuring mojo 'org.apache.maven.plugins:maven-compiler-plugin:2.3.2:compile' with basic configurator -->
[DEBUG]   (f) basedir = /Users/glennbech/dev/usda-api-server
[DEBUG]   (f) buildDirectory = /Users/glennbech/dev/usda-api-server/target
[DEBUG]   (f) classpathElements = [/Users/glennbech/dev/usda-api-server/target/classes, /Users/glennbech/.m2/repository/javax/servlet/servlet-api/2.5/servlet-api-2.5.jar, /Users/glennbech/.m2/repository/javax/activation/activation/1.1/activation-1.1.jar, /Users/glennbech/.m2/repository/javax/mail/mail/1.4/mail-1.4.jar, /Users/glennbech/.m2/repository/com/sun/jersey/jersey-servlet/1.17/jersey-servlet-1.17.jar, /Users/glennbech/.m2/repository/com/sun/jersey/jersey-server/1.17/jersey-server-1.17.jar, /Users/glennbech/.m2/repository/asm/asm/3.1/asm-3.1.jar, /Users/glennbech/.m2/repository/com/sun/jersey/jersey-json/1.17/jersey-json-1.17.jar, /Users/glennbech/.m2/repository/org/codehaus/jettison/jettison/1.1/jettison-1.1.jar, /Users/glennbech/.m2/repository/com/sun/xml/bind/jaxb-impl/2.2.3-1/jaxb-impl-2.2.3-1.jar, /Users/glennbech/.m2/repository/javax/xml/bind/jaxb-api/2.2.2/jaxb-api-2.2.2.jar, /Users/glennbech/.m2/repository/javax/xml/stream/stax-api/1.0-2/stax-api-1.0-2.jar, /Users/glennbech/.m2/repository/org/codehaus/jackson/jackson-core-asl/1.9.2/jackson-core-asl-1.9.2.jar, /Users/glennbech/.m2/repository/org/codehaus/jackson/jackson-mapper-asl/1.9.2/jackson-mapper-asl-1.9.2.jar, /Users/glennbech/.m2/repository/org/codehaus/jackson/jackson-jaxrs/1.9.2/jackson-jaxrs-1.9.2.jar, /Users/glennbech/.m2/repository/org/codehaus/jackson/jackson-xc/1.9.2/jackson-xc-1.9.2.jar, /Users/glennbech/.m2/repository/com/sun/jersey/jersey-core/1.17/jersey-core-1.17.jar, /Users/glennbech/.m2/repository/com/sun/jersey/jersey-client/1.9.1/jersey-client-1.9.1.jar, /Users/glennbech/.m2/repository/org/springframework/spring-context/3.2.3.RELEASE/spring-context-3.2.3.RELEASE.jar, /Users/glennbech/.m2/repository/org/springframework/spring-aop/3.2.3.RELEASE/spring-aop-3.2.3.RELEASE.jar, /Users/glennbech/.m2/repository/org/springframework/spring-beans/3.2.3.RELEASE/spring-beans-3.2.3.RELEASE.jar, /Users/glennbech/.m2/repository/org/springframework/spring-expression/3.2.3.RELEASE/spring-expression-3.2.3.RELEASE.jar, /Users/glennbech/.m2/repository/org/springframework/spring-jdbc/3.2.3.RELEASE/spring-jdbc-3.2.3.RELEASE.jar, /Users/glennbech/.m2/repository/org/springframework/spring-tx/3.2.3.RELEASE/spring-tx-3.2.3.RELEASE.jar, /Users/glennbech/.m2/repository/org/springframework/spring-core/3.2.3.RELEASE/spring-core-3.2.3.RELEASE.jar, /Users/glennbech/.m2/repository/commons-logging/commons-logging/1.1.1/commons-logging-1.1.1.jar, /Users/glennbech/.m2/repository/org/springframework/spring-web/3.2.3.RELEASE/spring-web-3.2.3.RELEASE.jar, /Users/glennbech/.m2/repository/aopalliance/aopalliance/1.0/aopalliance-1.0.jar, /Users/glennbech/.m2/repository/mysql/mysql-connector-java/5.1.6/mysql-connector-java-5.1.6.jar, /Users/glennbech/.m2/repository/com/fasterxml/jackson/core/jackson-annotations/2.1.2/jackson-annotations-2.1.2.jar]
[DEBUG]   (f) compileSourceRoots = [/Users/glennbech/dev/usda-api-server/src/main/java]
[DEBUG]   (f) compilerId = javac
[DEBUG]   (f) debug = true
[DEBUG]   (f) encoding = UTF-8
[DEBUG]   (f) failOnError = true
[DEBUG]   (f) fork = false
[DEBUG]   (f) generatedSourcesDirectory = /Users/glennbech/dev/usda-api-server/target/generated-sources/annotations
[DEBUG]   (f) optimize = false
[DEBUG]   (f) outputDirectory = /Users/glennbech/dev/usda-api-server/target/classes
[DEBUG]   (f) outputFileName = rs22-server-1.0-SNAPSHOT
[DEBUG]   (f) projectArtifact = rs22-server:rs22-server:war:1.0-SNAPSHOT
[DEBUG]   (f) session = org.apache.maven.execution.MavenSession@5bdd369f
[DEBUG]   (f) showDeprecation = false
[DEBUG]   (f) showWarnings = false
[DEBUG]   (f) source = 1.5
[DEBUG]   (f) staleMillis = 0
[DEBUG]   (f) target = 1.5
[DEBUG]   (f) verbose = false
[DEBUG] -- end configuration --
[DEBUG] Using compiler 'javac'.
[DEBUG] Source directories: [/Users/glennbech/dev/usda-api-server/src/main/java]
[DEBUG] Classpath: [/Users/glennbech/dev/usda-api-server/target/classes
 /Users/glennbech/.m2/repository/javax/servlet/servlet-api/2.5/servlet-api-2.5.jar
 /Users/glennbech/.m2/repository/javax/activation/activation/1.1/activation-1.1.jar
 /Users/glennbech/.m2/repository/javax/mail/mail/1.4/mail-1.4.jar
 /Users/glennbech/.m2/repository/com/sun/jersey/jersey-servlet/1.17/jersey-servlet-1.17.jar
 /Users/glennbech/.m2/repository/com/sun/jersey/jersey-server/1.17/jersey-server-1.17.jar
 /Users/glennbech/.m2/repository/asm/asm/3.1/asm-3.1.jar
 /Users/glennbech/.m2/repository/com/sun/jersey/jersey-json/1.17/jersey-json-1.17.jar
 /Users/glennbech/.m2/repository/org/codehaus/jettison/jettison/1.1/jettison-1.1.jar
 /Users/glennbech/.m2/repository/com/sun/xml/bind/jaxb-impl/2.2.3-1/jaxb-impl-2.2.3-1.jar
 /Users/glennbech/.m2/repository/javax/xml/bind/jaxb-api/2.2.2/jaxb-api-2.2.2.jar
 /Users/glennbech/.m2/repository/javax/xml/stream/stax-api/1.0-2/stax-api-1.0-2.jar
 /Users/glennbech/.m2/repository/org/codehaus/jackson/jackson-core-asl/1.9.2/jackson-core-asl-1.9.2.jar
 /Users/glennbech/.m2/repository/org/codehaus/jackson/jackson-mapper-asl/1.9.2/jackson-mapper-asl-1.9.2.jar
 /Users/glennbech/.m2/repository/org/codehaus/jackson/jackson-jaxrs/1.9.2/jackson-jaxrs-1.9.2.jar
 /Users/glennbech/.m2/repository/org/codehaus/jackson/jackson-xc/1.9.2/jackson-xc-1.9.2.jar
 /Users/glennbech/.m2/repository/com/sun/jersey/jersey-core/1.17/jersey-core-1.17.jar
 /Users/glennbech/.m2/repository/com/sun/jersey/jersey-client/1.9.1/jersey-client-1.9.1.jar
 /Users/glennbech/.m2/repository/org/springframework/spring-context/3.2.3.RELEASE/spring-context-3.2.3.RELEASE.jar
 /Users/glennbech/.m2/repository/org/springframework/spring-aop/3.2.3.RELEASE/spring-aop-3.2.3.RELEASE.jar
 /Users/glennbech/.m2/repository/org/springframework/spring-beans/3.2.3.RELEASE/spring-beans-3.2.3.RELEASE.jar
 /Users/glennbech/.m2/repository/org/springframework/spring-expression/3.2.3.RELEASE/spring-expression-3.2.3.RELEASE.jar
 /Users/glennbech/.m2/repository/org/springframework/spring-jdbc/3.2.3.RELEASE/spring-jdbc-3.2.3.RELEASE.jar
 /Users/glennbech/.m2/repository/org/springframework/spring-tx/3.2.3.RELEASE/spring-tx-3.2.3.RELEASE.jar
 /Users/glennbech/.m2/repository/org/springframework/spring-core/3.2.3.RELEASE/spring-core-3.2.3.RELEASE.jar
 /Users/glennbech/.m2/repository/commons-logging/commons-logging/1.1.1/commons-logging-1.1.1.jar
 /Users/glennbech/.m2/repository/org/springframework/spring-web/3.2.3.RELEASE/spring-web-3.2.3.RELEASE.jar
 /Users/glennbech/.m2/repository/aopalliance/aopalliance/1.0/aopalliance-1.0.jar
 /Users/glennbech/.m2/repository/mysql/mysql-connector-java/5.1.6/mysql-connector-java-5.1.6.jar
 /Users/glennbech/.m2/repository/com/fasterxml/jackson/core/jackson-annotations/2.1.2/jackson-annotations-2.1.2.jar]
[DEBUG] Output directory: /Users/glennbech/dev/usda-api-server/target/classes
[INFO] Nothing to compile - all classes are up to date
[INFO] 
[INFO] --- maven-resources-plugin:2.5:testResources (default-testResources) @ rs22-server ---
[DEBUG] Configuring mojo org.apache.maven.plugins:maven-resources-plugin:2.5:testResources from plugin realm ClassRealm[plugin>org.apache.maven.plugins:maven-resources-plugin:2.5, parent: sun.misc.Launcher$AppClassLoader@1b5268d7]
[debug] execute contextualize
[DEBUG] Configuring mojo 'org.apache.maven.plugins:maven-resources-plugin:2.5:testResources' with basic configurator -->
[DEBUG]   (f) buildFilters = []
[DEBUG]   (f) encoding = UTF-8
[DEBUG]   (f) escapeWindowsPaths = true
[DEBUG]   (s) includeEmptyDirs = false
[DEBUG]   (s) outputDirectory = /Users/glennbech/dev/usda-api-server/target/test-classes
[DEBUG]   (s) overwrite = false
[DEBUG]   (f) project = MavenProject: rs22-server:rs22-server:1.0-SNAPSHOT @ /Users/glennbech/dev/usda-api-server/pom.xml
[DEBUG]   (s) resources = [Resource {targetPath: null, filtering: false, FileSet {directory: /Users/glennbech/dev/usda-api-server/src/test/resources, PatternSet [includes: {}, excludes: {}]}}]
[DEBUG]   (f) session = org.apache.maven.execution.MavenSession@5bdd369f
[DEBUG]   (f) supportMultiLineFiltering = false
[DEBUG]   (f) useBuildFilters = true
[DEBUG]   (s) useDefaultDelimiters = true
[DEBUG] -- end configuration --
[DEBUG] properties used {java.vendor=Oracle Corporation, sun.java.launcher=SUN_STANDARD, sun.management.compiler=HotSpot 64-Bit Tiered Compilers, os.name=Mac OS X, sun.boot.class.path=/Library/Java/JavaVirtualMachines/jdk1.7.0_21.jdk/Contents/Home/jre/lib/resources.jar:/Library/Java/JavaVirtualMachines/jdk1.7.0_21.jdk/Contents/Home/jre/lib/rt.jar:/Library/Java/JavaVirtualMachines/jdk1.7.0_21.jdk/Contents/Home/jre/lib/sunrsasign.jar:/Library/Java/JavaVirtualMachines/jdk1.7.0_21.jdk/Contents/Home/jre/lib/jsse.jar:/Library/Java/JavaVirtualMachines/jdk1.7.0_21.jdk/Contents/Home/jre/lib/jce.jar:/Library/Java/JavaVirtualMachines/jdk1.7.0_21.jdk/Contents/Home/jre/lib/charsets.jar:/Library/Java/JavaVirtualMachines/jdk1.7.0_21.jdk/Contents/Home/jre/lib/jfr.jar:/Library/Java/JavaVirtualMachines/jdk1.7.0_21.jdk/Contents/Home/jre/lib/JObjC.jar:/Library/Java/JavaVirtualMachines/jdk1.7.0_21.jdk/Contents/Home/jre/classes, env.TMPDIR=/var/folders/9r/k3jxw07n65s6tlq_66sspnym0000gn/T/, env.Apple_Ubiquity_Message=/tmp/launch-GULX8D/Apple_Ubiquity_Message, env.PWD=/Users/glennbech/dev/usda-api-server, user.country.format=NO, java.vm.specification.vendor=Oracle Corporation, java.runtime.version=1.7.0_21-b12, jersey-version=1.8, env.Apple_PubSub_Socket_Render=/tmp/launch-ARSdQa/Render, project.build.sourceEncoding=UTF-8, user.name=glennbech, maven.build.version=Apache Maven 3.0.4 (r1232337; 2012-01-17 09:44:56+0100), env.USER=glennbech, env.SHELL=/bin/bash, env.__CF_USER_TEXT_ENCODING=0x1F5:0:0, env.PATH=/usr/bin:/bin:/usr/sbin:/sbin:/usr/local/bin:/usr/local/git/bin, user.language=en, sun.boot.library.path=/Library/Java/JavaVirtualMachines/jdk1.7.0_21.jdk/Contents/Home/jre/lib, classworlds.conf=/usr/share/maven/bin/m2.conf, env.LC_CTYPE=UTF-8, java.version=1.7.0_21, user.timezone=Europe/Oslo, sun.arch.data.model=64, http.nonProxyHosts=local|*.local|169.254/16|*.169.254/16, java.endorsed.dirs=/Library/Java/JavaVirtualMachines/jdk1.7.0_21.jdk/Contents/Home/jre/lib/endorsed, sun.cpu.isalist=, sun.jnu.encoding=UTF-8, file.encoding.pkg=sun.io, env.SHLVL=1, file.separator=/, java.specification.name=Java Platform API Specification, java.class.version=51.0, user.country=US, java.home=/Library/Java/JavaVirtualMachines/jdk1.7.0_21.jdk/Contents/Home/jre, java.vm.info=mixed mode, env.LOGNAME=glennbech, os.version=10.8.3, env.TERM_PROGRAM_VERSION=309, path.separator=:, java.vm.version=23.21-b01, jettyVersion=7.5.3.v20111011, java.awt.printerjob=sun.lwawt.macosx.CPrinterJob, env.TERM=xterm-256color, jstlVersion=1.2, sun.io.unicode.encoding=UnicodeBig, awt.toolkit=sun.lwawt.macosx.LWCToolkit, socksNonProxyHosts=local|*.local|169.254/16|*.169.254/16, ftp.nonProxyHosts=local|*.local|169.254/16|*.169.254/16, user.home=/Users/glennbech, env.OLDPWD=/Users/glennbech/dev/usda-api-server, java.specification.vendor=Oracle Corporation, env.COM_GOOGLE_CHROME_FRAMEWORK_SERVICE_PROCESS/USERS/GLENNBECH/LIBRARY/APPLICATION_SUPPORT/GOOGLE/CHROME_SOCKET=/tmp/launch-1jRbXc/ServiceProcessSocket, env.JAVA_MAIN_CLASS_16027=org.codehaus.plexus.classworlds.launcher.Launcher, env.TERM_PROGRAM=Apple_Terminal, java.library.path=/Users/glennbech/Library/Java/Extensions:/Library/Java/Extensions:/Network/Library/Java/Extensions:/System/Library/Java/Extensions:/usr/lib/java:., java.vendor.url=http://java.oracle.com/, java.vm.vendor=Oracle Corporation, gopherProxySet=false, maven.home=/usr/share/maven, java.runtime.name=Java(TM) SE Runtime Environment, sun.java.command=org.codehaus.plexus.classworlds.launcher.Launcher -X test, java.class.path=/usr/share/maven/boot/plexus-classworlds-2.4.jar, env.TERM_SESSION_ID=EEB313C9-0E85-4FB8-BF0A-562CD4B10C7A, maven.version=3.0.4, java.vm.specification.name=Java Virtual Machine Specification, java.vm.specification.version=1.7, jerseyVersion=1.17, sun.cpu.endian=little, sun.os.patch.level=unknown, env.HOME=/Users/glennbech, java.io.tmpdir=/var/folders/9r/k3jxw07n65s6tlq_66sspnym0000gn/T/, java.vendor.url.bug=http://bugreport.sun.com/bugreport/, env.SSH_AUTH_SOCK=/tmp/launch-6eKjAK/Listeners, env.COMMAND_MODE=unix2003, os.arch=x86_64, java.awt.graphicsenv=sun.awt.CGraphicsEnvironment, java.ext.dirs=/Users/glennbech/Library/Java/Extensions:/Library/Java/JavaVirtualMachines/jdk1.7.0_21.jdk/Contents/Home/jre/lib/ext:/Library/Java/Extensions:/Network/Library/Java/Extensions:/System/Library/Java/Extensions:/usr/lib/java, user.dir=/Users/glennbech/dev/usda-api-server, line.separator=
, java.vm.name=Java HotSpot(TM) 64-Bit Server VM, file.encoding=UTF-8, java.specification.version=1.7, compilerPluginVersion=2.3.2}
[INFO] Using 'UTF-8' encoding to copy filtered resources.
[DEBUG] resource with targetPath null
directory /Users/glennbech/dev/usda-api-server/src/test/resources
excludes []
includes []
[INFO] skip non existing resourceDirectory /Users/glennbech/dev/usda-api-server/src/test/resources
[DEBUG] no use filter components
[INFO] 
[INFO] --- maven-compiler-plugin:2.3.2:testCompile (default-testCompile) @ rs22-server ---
[DEBUG] Configuring mojo org.apache.maven.plugins:maven-compiler-plugin:2.3.2:testCompile from plugin realm ClassRealm[plugin>org.apache.maven.plugins:maven-compiler-plugin:2.3.2, parent: sun.misc.Launcher$AppClassLoader@1b5268d7]
[DEBUG] Configuring mojo 'org.apache.maven.plugins:maven-compiler-plugin:2.3.2:testCompile' with basic configurator -->
[DEBUG]   (f) basedir = /Users/glennbech/dev/usda-api-server
[DEBUG]   (f) buildDirectory = /Users/glennbech/dev/usda-api-server/target
[DEBUG]   (f) classpathElements = [/Users/glennbech/dev/usda-api-server/target/test-classes, /Users/glennbech/dev/usda-api-server/target/classes, /Users/glennbech/.m2/repository/com/restfuse/com.eclipsesource.restfuse/1.0.0/com.eclipsesource.restfuse-1.0.0.jar, /Users/glennbech/.m2/repository/org/mortbay/jetty/jetty-j2se6/6.1.26/jetty-j2se6-6.1.26.jar, /Users/glennbech/.m2/repository/org/mortbay/jetty/jetty/6.1.26/jetty-6.1.26.jar, /Users/glennbech/.m2/repository/org/mortbay/jetty/jetty-util/6.1.26/jetty-util-6.1.26.jar, /Users/glennbech/.m2/repository/org/mortbay/jetty/servlet-api/2.5-20081211/servlet-api-2.5-20081211.jar, /Users/glennbech/.m2/repository/com/sun/jersey/jersey-bundle/1.9.1/jersey-bundle-1.9.1.jar, /Users/glennbech/.m2/repository/javax/ws/rs/jsr311-api/1.1.1/jsr311-api-1.1.1.jar, /Users/glennbech/.m2/repository/javax/servlet/servlet-api/2.5/servlet-api-2.5.jar, /Users/glennbech/.m2/repository/javax/activation/activation/1.1/activation-1.1.jar, /Users/glennbech/.m2/repository/javax/mail/mail/1.4/mail-1.4.jar, /Users/glennbech/.m2/repository/com/sun/jersey/jersey-servlet/1.17/jersey-servlet-1.17.jar, /Users/glennbech/.m2/repository/com/sun/jersey/jersey-server/1.17/jersey-server-1.17.jar, /Users/glennbech/.m2/repository/asm/asm/3.1/asm-3.1.jar, /Users/glennbech/.m2/repository/com/sun/jersey/jersey-json/1.17/jersey-json-1.17.jar, /Users/glennbech/.m2/repository/org/codehaus/jettison/jettison/1.1/jettison-1.1.jar, /Users/glennbech/.m2/repository/com/sun/xml/bind/jaxb-impl/2.2.3-1/jaxb-impl-2.2.3-1.jar, /Users/glennbech/.m2/repository/javax/xml/bind/jaxb-api/2.2.2/jaxb-api-2.2.2.jar, /Users/glennbech/.m2/repository/javax/xml/stream/stax-api/1.0-2/stax-api-1.0-2.jar, /Users/glennbech/.m2/repository/org/codehaus/jackson/jackson-core-asl/1.9.2/jackson-core-asl-1.9.2.jar, /Users/glennbech/.m2/repository/org/codehaus/jackson/jackson-mapper-asl/1.9.2/jackson-mapper-asl-1.9.2.jar, /Users/glennbech/.m2/repository/org/codehaus/jackson/jackson-jaxrs/1.9.2/jackson-jaxrs-1.9.2.jar, /Users/glennbech/.m2/repository/org/codehaus/jackson/jackson-xc/1.9.2/jackson-xc-1.9.2.jar, /Users/glennbech/.m2/repository/com/sun/jersey/jersey-core/1.17/jersey-core-1.17.jar, /Users/glennbech/.m2/repository/junit/junit/4.8.2/junit-4.8.2.jar, /Users/glennbech/.m2/repository/com/sun/jersey/jersey-client/1.9.1/jersey-client-1.9.1.jar, /Users/glennbech/.m2/repository/org/springframework/spring-context/3.2.3.RELEASE/spring-context-3.2.3.RELEASE.jar, /Users/glennbech/.m2/repository/org/springframework/spring-aop/3.2.3.RELEASE/spring-aop-3.2.3.RELEASE.jar, /Users/glennbech/.m2/repository/org/springframework/spring-beans/3.2.3.RELEASE/spring-beans-3.2.3.RELEASE.jar, /Users/glennbech/.m2/repository/org/springframework/spring-expression/3.2.3.RELEASE/spring-expression-3.2.3.RELEASE.jar, /Users/glennbech/.m2/repository/org/springframework/spring-jdbc/3.2.3.RELEASE/spring-jdbc-3.2.3.RELEASE.jar, /Users/glennbech/.m2/repository/org/springframework/spring-tx/3.2.3.RELEASE/spring-tx-3.2.3.RELEASE.jar, /Users/glennbech/.m2/repository/org/springframework/spring-core/3.2.3.RELEASE/spring-core-3.2.3.RELEASE.jar, /Users/glennbech/.m2/repository/commons-logging/commons-logging/1.1.1/commons-logging-1.1.1.jar, /Users/glennbech/.m2/repository/org/springframework/spring-web/3.2.3.RELEASE/spring-web-3.2.3.RELEASE.jar, /Users/glennbech/.m2/repository/aopalliance/aopalliance/1.0/aopalliance-1.0.jar, /Users/glennbech/.m2/repository/mysql/mysql-connector-java/5.1.6/mysql-connector-java-5.1.6.jar, /Users/glennbech/.m2/repository/com/fasterxml/jackson/core/jackson-annotations/2.1.2/jackson-annotations-2.1.2.jar]
[DEBUG]   (f) compileSourceRoots = [/Users/glennbech/dev/usda-api-server/src/test/java]
[DEBUG]   (f) compilerId = javac
[DEBUG]   (f) debug = true
[DEBUG]   (f) encoding = UTF-8
[DEBUG]   (f) failOnError = true
[DEBUG]   (f) fork = false
[DEBUG]   (f) generatedTestSourcesDirectory = /Users/glennbech/dev/usda-api-server/target/generated-sources/test-annotations
[DEBUG]   (f) optimize = false
[DEBUG]   (f) outputDirectory = /Users/glennbech/dev/usda-api-server/target/test-classes
[DEBUG]   (f) outputFileName = rs22-server-1.0-SNAPSHOT
[DEBUG]   (f) session = org.apache.maven.execution.MavenSession@5bdd369f
[DEBUG]   (f) showDeprecation = false
[DEBUG]   (f) showWarnings = false
[DEBUG]   (f) source = 1.5
[DEBUG]   (f) staleMillis = 0
[DEBUG]   (f) target = 1.5
[DEBUG]   (f) verbose = false
[DEBUG] -- end configuration --
[DEBUG] Using compiler 'javac'.
[DEBUG] Source directories: [/Users/glennbech/dev/usda-api-server/src/test/java]
[DEBUG] Classpath: [/Users/glennbech/dev/usda-api-server/target/test-classes
 /Users/glennbech/dev/usda-api-server/target/classes
 /Users/glennbech/.m2/repository/com/restfuse/com.eclipsesource.restfuse/1.0.0/com.eclipsesource.restfuse-1.0.0.jar
 /Users/glennbech/.m2/repository/org/mortbay/jetty/jetty-j2se6/6.1.26/jetty-j2se6-6.1.26.jar
 /Users/glennbech/.m2/repository/org/mortbay/jetty/jetty/6.1.26/jetty-6.1.26.jar
 /Users/glennbech/.m2/repository/org/mortbay/jetty/jetty-util/6.1.26/jetty-util-6.1.26.jar
 /Users/glennbech/.m2/repository/org/mortbay/jetty/servlet-api/2.5-20081211/servlet-api-2.5-20081211.jar
 /Users/glennbech/.m2/repository/com/sun/jersey/jersey-bundle/1.9.1/jersey-bundle-1.9.1.jar
 /Users/glennbech/.m2/repository/javax/ws/rs/jsr311-api/1.1.1/jsr311-api-1.1.1.jar
 /Users/glennbech/.m2/repository/javax/servlet/servlet-api/2.5/servlet-api-2.5.jar
 /Users/glennbech/.m2/repository/javax/activation/activation/1.1/activation-1.1.jar
 /Users/glennbech/.m2/repository/javax/mail/mail/1.4/mail-1.4.jar
 /Users/glennbech/.m2/repository/com/sun/jersey/jersey-servlet/1.17/jersey-servlet-1.17.jar
 /Users/glennbech/.m2/repository/com/sun/jersey/jersey-server/1.17/jersey-server-1.17.jar
 /Users/glennbech/.m2/repository/asm/asm/3.1/asm-3.1.jar
 /Users/glennbech/.m2/repository/com/sun/jersey/jersey-json/1.17/jersey-json-1.17.jar
 /Users/glennbech/.m2/repository/org/codehaus/jettison/jettison/1.1/jettison-1.1.jar
 /Users/glennbech/.m2/repository/com/sun/xml/bind/jaxb-impl/2.2.3-1/jaxb-impl-2.2.3-1.jar
 /Users/glennbech/.m2/repository/javax/xml/bind/jaxb-api/2.2.2/jaxb-api-2.2.2.jar
 /Users/glennbech/.m2/repository/javax/xml/stream/stax-api/1.0-2/stax-api-1.0-2.jar
 /Users/glennbech/.m2/repository/org/codehaus/jackson/jackson-core-asl/1.9.2/jackson-core-asl-1.9.2.jar
 /Users/glennbech/.m2/repository/org/codehaus/jackson/jackson-mapper-asl/1.9.2/jackson-mapper-asl-1.9.2.jar
 /Users/glennbech/.m2/repository/org/codehaus/jackson/jackson-jaxrs/1.9.2/jackson-jaxrs-1.9.2.jar
 /Users/glennbech/.m2/repository/org/codehaus/jackson/jackson-xc/1.9.2/jackson-xc-1.9.2.jar
 /Users/glennbech/.m2/repository/com/sun/jersey/jersey-core/1.17/jersey-core-1.17.jar
 /Users/glennbech/.m2/repository/junit/junit/4.8.2/junit-4.8.2.jar
 /Users/glennbech/.m2/repository/com/sun/jersey/jersey-client/1.9.1/jersey-client-1.9.1.jar
 /Users/glennbech/.m2/repository/org/springframework/spring-context/3.2.3.RELEASE/spring-context-3.2.3.RELEASE.jar
 /Users/glennbech/.m2/repository/org/springframework/spring-aop/3.2.3.RELEASE/spring-aop-3.2.3.RELEASE.jar
 /Users/glennbech/.m2/repository/org/springframework/spring-beans/3.2.3.RELEASE/spring-beans-3.2.3.RELEASE.jar
 /Users/glennbech/.m2/repository/org/springframework/spring-expression/3.2.3.RELEASE/spring-expression-3.2.3.RELEASE.jar
 /Users/glennbech/.m2/repository/org/springframework/spring-jdbc/3.2.3.RELEASE/spring-jdbc-3.2.3.RELEASE.jar
 /Users/glennbech/.m2/repository/org/springframework/spring-tx/3.2.3.RELEASE/spring-tx-3.2.3.RELEASE.jar
 /Users/glennbech/.m2/repository/org/springframework/spring-core/3.2.3.RELEASE/spring-core-3.2.3.RELEASE.jar
 /Users/glennbech/.m2/repository/commons-logging/commons-logging/1.1.1/commons-logging-1.1.1.jar
 /Users/glennbech/.m2/repository/org/springframework/spring-web/3.2.3.RELEASE/spring-web-3.2.3.RELEASE.jar
 /Users/glennbech/.m2/repository/aopalliance/aopalliance/1.0/aopalliance-1.0.jar
 /Users/glennbech/.m2/repository/mysql/mysql-connector-java/5.1.6/mysql-connector-java-5.1.6.jar
 /Users/glennbech/.m2/repository/com/fasterxml/jackson/core/jackson-annotations/2.1.2/jackson-annotations-2.1.2.jar]
[DEBUG] Output directory: /Users/glennbech/dev/usda-api-server/target/test-classes
[INFO] Nothing to compile - all classes are up to date
[INFO] 
[INFO] --- maven-surefire-plugin:2.15:test (default-test) @ rs22-server ---
[DEBUG] org.apache.maven.plugins:maven-surefire-plugin:jar:2.15:
[DEBUG]    org.apache.maven:maven-plugin-api:jar:2.0.9:compile
[DEBUG]    org.apache.maven.surefire:maven-surefire-common:jar:2.15:compile
[DEBUG]       org.apache.maven.surefire:surefire-booter:jar:2.15:compile
[DEBUG]       org.apache.maven:maven-artifact:jar:2.0.9:compile
[DEBUG]          org.codehaus.plexus:plexus-utils:jar:1.5.1:compile
[DEBUG]       org.apache.maven:maven-plugin-descriptor:jar:2.0.9:compile
[DEBUG]          org.codehaus.plexus:plexus-container-default:jar:1.0-alpha-9-stable-1:compile
[DEBUG]             junit:junit:jar:3.8.1:test (scope managed from compile)
[DEBUG]       org.apache.maven:maven-project:jar:2.0.9:compile
[DEBUG]          org.apache.maven:maven-settings:jar:2.0.9:compile
[DEBUG]          org.apache.maven:maven-profile:jar:2.0.9:compile
[DEBUG]          org.apache.maven:maven-artifact-manager:jar:2.0.9:compile
[DEBUG]          org.apache.maven:maven-plugin-registry:jar:2.0.9:compile
[DEBUG]       org.apache.maven:maven-model:jar:2.0.9:compile
[DEBUG]       org.apache.maven:maven-core:jar:2.0.9:compile
[DEBUG]          org.apache.maven:maven-plugin-parameter-documenter:jar:2.0.9:compile
[DEBUG]          org.apache.maven.reporting:maven-reporting-api:jar:2.0.9:compile
[DEBUG]          org.apache.maven:maven-repository-metadata:jar:2.0.9:compile
[DEBUG]          org.apache.maven:maven-error-diagnostics:jar:2.0.9:compile
[DEBUG]          org.apache.maven:maven-monitor:jar:2.0.9:compile
[DEBUG]          classworlds:classworlds:jar:1.1:compile
[DEBUG]       org.apache.commons:commons-lang3:jar:3.1:compile
[DEBUG]    org.apache.maven.surefire:surefire-api:jar:2.15:compile
[DEBUG]    org.apache.maven:maven-toolchain:jar:2.0.9:compile
[DEBUG]    org.apache.maven.plugin-tools:maven-plugin-annotations:jar:3.2:compile
[DEBUG] Created new class realm plugin>org.apache.maven.plugins:maven-surefire-plugin:2.15
[DEBUG] Importing foreign packages into class realm plugin>org.apache.maven.plugins:maven-surefire-plugin:2.15
[DEBUG]   Imported:  < maven.api
[DEBUG] Populating class realm plugin>org.apache.maven.plugins:maven-surefire-plugin:2.15
[DEBUG]   Included: org.apache.maven.plugins:maven-surefire-plugin:jar:2.15
[DEBUG]   Included: org.apache.maven.surefire:maven-surefire-common:jar:2.15
[DEBUG]   Included: org.apache.maven.surefire:surefire-booter:jar:2.15
[DEBUG]   Included: org.codehaus.plexus:plexus-utils:jar:1.5.1
[DEBUG]   Included: org.apache.maven.reporting:maven-reporting-api:jar:2.0.9
[DEBUG]   Included: org.apache.commons:commons-lang3:jar:3.1
[DEBUG]   Included: org.apache.maven.surefire:surefire-api:jar:2.15
[DEBUG]   Included: org.apache.maven.plugin-tools:maven-plugin-annotations:jar:3.2
[DEBUG]   Excluded: org.apache.maven:maven-plugin-api:jar:2.0.9
[DEBUG]   Excluded: org.apache.maven:maven-artifact:jar:2.0.9
[DEBUG]   Excluded: org.apache.maven:maven-plugin-descriptor:jar:2.0.9
[DEBUG]   Excluded: org.codehaus.plexus:plexus-container-default:jar:1.0-alpha-9-stable-1
[DEBUG]   Excluded: junit:junit:jar:3.8.1
[DEBUG]   Excluded: org.apache.maven:maven-project:jar:2.0.9
[DEBUG]   Excluded: org.apache.maven:maven-settings:jar:2.0.9
[DEBUG]   Excluded: org.apache.maven:maven-profile:jar:2.0.9
[DEBUG]   Excluded: org.apache.maven:maven-artifact-manager:jar:2.0.9
[DEBUG]   Excluded: org.apache.maven:maven-plugin-registry:jar:2.0.9
[DEBUG]   Excluded: org.apache.maven:maven-model:jar:2.0.9
[DEBUG]   Excluded: org.apache.maven:maven-core:jar:2.0.9
[DEBUG]   Excluded: org.apache.maven:maven-plugin-parameter-documenter:jar:2.0.9
[DEBUG]   Excluded: org.apache.maven:maven-repository-metadata:jar:2.0.9
[DEBUG]   Excluded: org.apache.maven:maven-error-diagnostics:jar:2.0.9
[DEBUG]   Excluded: org.apache.maven:maven-monitor:jar:2.0.9
[DEBUG]   Excluded: classworlds:classworlds:jar:1.1
[DEBUG]   Excluded: org.apache.maven:maven-toolchain:jar:2.0.9
[DEBUG] Configuring mojo org.apache.maven.plugins:maven-surefire-plugin:2.15:test from plugin realm ClassRealm[plugin>org.apache.maven.plugins:maven-surefire-plugin:2.15, parent: sun.misc.Launcher$AppClassLoader@1b5268d7]
[DEBUG] Configuring mojo 'org.apache.maven.plugins:maven-surefire-plugin:2.15:test' with basic configurator -->
[DEBUG]   (s) additionalClasspathElements = []
[DEBUG]   (s) basedir = /Users/glennbech/dev/usda-api-server
[DEBUG]   (s) childDelegation = false
[DEBUG]   (s) classesDirectory = /Users/glennbech/dev/usda-api-server/target/classes
[DEBUG]   (s) classpathDependencyExcludes = []
[DEBUG]   (s) dependenciesToScan = []
[DEBUG]   (s) disableXmlReport = false
[DEBUG]   (s) enableAssertions = true
[DEBUG]   (s) excludes = [**/*IT.java]
[DEBUG]   (f) forkCount = 1
[DEBUG]   (s) forkMode = once
[DEBUG]   (s) junitArtifactName = junit:junit
[DEBUG]   (s) localRepository =        id: local
      url: file:///Users/glennbech/.m2/repository/
   layout: none

[DEBUG]   (f) parallelMavenExecution = false
[DEBUG]   (s) perCoreThreadCount = true
[DEBUG]   (s) pluginArtifactMap = {org.apache.maven.plugins:maven-surefire-plugin=org.apache.maven.plugins:maven-surefire-plugin:maven-plugin:2.15:, org.apache.maven.surefire:maven-surefire-common=org.apache.maven.surefire:maven-surefire-common:jar:2.15:compile, org.apache.maven.surefire:surefire-booter=org.apache.maven.surefire:surefire-booter:jar:2.15:compile, org.codehaus.plexus:plexus-utils=org.codehaus.plexus:plexus-utils:jar:1.5.1:compile, org.apache.maven.reporting:maven-reporting-api=org.apache.maven.reporting:maven-reporting-api:jar:2.0.9:compile, org.apache.commons:commons-lang3=org.apache.commons:commons-lang3:jar:3.1:compile, org.apache.maven.surefire:surefire-api=org.apache.maven.surefire:surefire-api:jar:2.15:compile, org.apache.maven.plugin-tools:maven-plugin-annotations=org.apache.maven.plugin-tools:maven-plugin-annotations:jar:3.2:compile}
[DEBUG]   (f) pluginDescriptor = Component Descriptor: role: 'org.apache.maven.plugin.Mojo', implementation: 'org.apache.maven.plugin.surefire.SurefirePlugin', role hint: 'org.apache.maven.plugins:maven-surefire-plugin:2.15:test'
role: 'org.apache.maven.plugin.Mojo', implementation: 'org.apache.maven.plugin.surefire.HelpMojo', role hint: 'org.apache.maven.plugins:maven-surefire-plugin:2.15:help'
---
[DEBUG]   (s) printSummary = true
[DEBUG]   (s) projectArtifactMap = {com.restfuse:com.eclipsesource.restfuse=com.restfuse:com.eclipsesource.restfuse:jar:1.0.0:test, org.mortbay.jetty:jetty-j2se6=org.mortbay.jetty:jetty-j2se6:jar:6.1.26:test, org.mortbay.jetty:jetty=org.mortbay.jetty:jetty:jar:6.1.26:test, org.mortbay.jetty:jetty-util=org.mortbay.jetty:jetty-util:jar:6.1.26:test, org.mortbay.jetty:servlet-api=org.mortbay.jetty:servlet-api:jar:2.5-20081211:test, com.sun.jersey:jersey-bundle=com.sun.jersey:jersey-bundle:jar:1.9.1:test, javax.ws.rs:jsr311-api=javax.ws.rs:jsr311-api:jar:1.1.1:test, javax.servlet:servlet-api=javax.servlet:servlet-api:jar:2.5:compile, javax.activation:activation=javax.activation:activation:jar:1.1:compile, javax.mail:mail=javax.mail:mail:jar:1.4:compile, com.sun.jersey:jersey-servlet=com.sun.jersey:jersey-servlet:jar:1.17:compile, com.sun.jersey:jersey-server=com.sun.jersey:jersey-server:jar:1.17:compile, asm:asm=asm:asm:jar:3.1:compile, com.sun.jersey:jersey-json=com.sun.jersey:jersey-json:jar:1.17:compile, org.codehaus.jettison:jettison=org.codehaus.jettison:jettison:jar:1.1:compile, com.sun.xml.bind:jaxb-impl=com.sun.xml.bind:jaxb-impl:jar:2.2.3-1:compile, javax.xml.bind:jaxb-api=javax.xml.bind:jaxb-api:jar:2.2.2:compile, javax.xml.stream:stax-api=javax.xml.stream:stax-api:jar:1.0-2:compile, org.codehaus.jackson:jackson-core-asl=org.codehaus.jackson:jackson-core-asl:jar:1.9.2:compile, org.codehaus.jackson:jackson-mapper-asl=org.codehaus.jackson:jackson-mapper-asl:jar:1.9.2:compile, org.codehaus.jackson:jackson-jaxrs=org.codehaus.jackson:jackson-jaxrs:jar:1.9.2:compile, org.codehaus.jackson:jackson-xc=org.codehaus.jackson:jackson-xc:jar:1.9.2:compile, com.sun.jersey:jersey-core=com.sun.jersey:jersey-core:jar:1.17:compile, junit:junit=junit:junit:jar:4.8.2:test, com.sun.jersey:jersey-client=com.sun.jersey:jersey-client:jar:1.9.1:compile, org.springframework:spring-context=org.springframework:spring-context:jar:3.2.3.RELEASE:compile, org.springframework:spring-aop=org.springframework:spring-aop:jar:3.2.3.RELEASE:compile, org.springframework:spring-beans=org.springframework:spring-beans:jar:3.2.3.RELEASE:compile, org.springframework:spring-expression=org.springframework:spring-expression:jar:3.2.3.RELEASE:compile, org.springframework:spring-jdbc=org.springframework:spring-jdbc:jar:3.2.3.RELEASE:compile, org.springframework:spring-tx=org.springframework:spring-tx:jar:3.2.3.RELEASE:compile, org.springframework:spring-core=org.springframework:spring-core:jar:3.2.3.RELEASE:compile, commons-logging:commons-logging=commons-logging:commons-logging:jar:1.1.1:compile, org.springframework:spring-web=org.springframework:spring-web:jar:3.2.3.RELEASE:compile, aopalliance:aopalliance=aopalliance:aopalliance:jar:1.0:compile, mysql:mysql-connector-java=mysql:mysql-connector-java:jar:5.1.6:compile, com.fasterxml.jackson.core:jackson-annotations=com.fasterxml.jackson.core:jackson-annotations:jar:2.1.2:compile}
[DEBUG]   (s) redirectTestOutputToFile = false
[DEBUG]   (s) remoteRepositories = [       id: central
      url: http://repo.maven.apache.org/maven2
   layout: default
snapshots: [enabled => false, update => daily]
 releases: [enabled => true, update => never]
]
[DEBUG]   (s) reportFormat = brief
[DEBUG]   (s) reportsDirectory = /Users/glennbech/dev/usda-api-server/target/surefire-reports
[DEBUG]   (f) reuseForks = true
[DEBUG]   (s) runOrder = filesystem
[DEBUG]   (s) skip = false
[DEBUG]   (s) skipTests = false
[DEBUG]   (s) testClassesDirectory = /Users/glennbech/dev/usda-api-server/target/test-classes
[DEBUG]   (s) testFailureIgnore = false
[DEBUG]   (s) testNGArtifactName = org.testng:testng
[DEBUG]   (s) testSourceDirectory = /Users/glennbech/dev/usda-api-server/src/test/java
[DEBUG]   (s) trimStackTrace = true
[DEBUG]   (s) useFile = true
[DEBUG]   (s) useManifestOnlyJar = true
[DEBUG]   (s) useSystemClassLoader = true
[DEBUG]   (s) useUnlimitedThreads = false
[DEBUG]   (s) workingDirectory = /Users/glennbech/dev/usda-api-server
[DEBUG]   (s) project = MavenProject: rs22-server:rs22-server:1.0-SNAPSHOT @ /Users/glennbech/dev/usda-api-server/pom.xml
[DEBUG]   (s) session = org.apache.maven.execution.MavenSession@5bdd369f
[DEBUG] -- end configuration --
[INFO] Surefire report directory: /Users/glennbech/dev/usda-api-server/target/surefire-reports
[DEBUG] Setting system property [user.dir]=[/Users/glennbech/dev/usda-api-server]
[DEBUG] Setting system property [localRepository]=[/Users/glennbech/.m2/repository]
[DEBUG] Setting system property [basedir]=[/Users/glennbech/dev/usda-api-server]
[DEBUG] dummy:dummy:jar:1.0 (selected for null)
[DEBUG]   org.apache.maven.surefire:surefire-booter:jar:2.15:compile (selected for compile)
[DEBUG]     org.apache.maven.surefire:surefire-api:jar:2.15:compile (selected for compile)
[DEBUG] Adding to surefire booter test classpath: /Users/glennbech/.m2/repository/org/apache/maven/surefire/surefire-booter/2.15/surefire-booter-2.15.jar Scope: compile
[DEBUG] Adding to surefire booter test classpath: /Users/glennbech/.m2/repository/org/apache/maven/surefire/surefire-api/2.15/surefire-api-2.15.jar Scope: compile
[DEBUG] Using JVM: /Library/Java/JavaVirtualMachines/jdk1.7.0_21.jdk/Contents/Home/jre/bin/java
[DEBUG] dummy:dummy:jar:1.0 (selected for null)
[DEBUG]   org.apache.maven.surefire:surefire-junit4:jar:2.15:test (selected for test)
[DEBUG]     org.apache.maven.surefire:surefire-api:jar:2.15:test (selected for test)
[DEBUG] Adding to surefire test classpath: /Users/glennbech/.m2/repository/org/apache/maven/surefire/surefire-junit4/2.15/surefire-junit4-2.15.jar Scope: test
[DEBUG] Adding to surefire test classpath: /Users/glennbech/.m2/repository/org/apache/maven/surefire/surefire-api/2.15/surefire-api-2.15.jar Scope: test
[DEBUG] test classpath:  /Users/glennbech/dev/usda-api-server/target/test-classes  /Users/glennbech/dev/usda-api-server/target/classes  /Users/glennbech/.m2/repository/com/restfuse/com.eclipsesource.restfuse/1.0.0/com.eclipsesource.restfuse-1.0.0.jar  /Users/glennbech/.m2/repository/org/mortbay/jetty/jetty-j2se6/6.1.26/jetty-j2se6-6.1.26.jar  /Users/glennbech/.m2/repository/org/mortbay/jetty/jetty/6.1.26/jetty-6.1.26.jar  /Users/glennbech/.m2/repository/org/mortbay/jetty/jetty-util/6.1.26/jetty-util-6.1.26.jar  /Users/glennbech/.m2/repository/org/mortbay/jetty/servlet-api/2.5-20081211/servlet-api-2.5-20081211.jar  /Users/glennbech/.m2/repository/com/sun/jersey/jersey-bundle/1.9.1/jersey-bundle-1.9.1.jar  /Users/glennbech/.m2/repository/javax/ws/rs/jsr311-api/1.1.1/jsr311-api-1.1.1.jar  /Users/glennbech/.m2/repository/javax/servlet/servlet-api/2.5/servlet-api-2.5.jar  /Users/glennbech/.m2/repository/javax/activation/activation/1.1/activation-1.1.jar  /Users/glennbech/.m2/repository/javax/mail/mail/1.4/mail-1.4.jar  /Users/glennbech/.m2/repository/com/sun/jersey/jersey-servlet/1.17/jersey-servlet-1.17.jar  /Users/glennbech/.m2/repository/com/sun/jersey/jersey-server/1.17/jersey-server-1.17.jar  /Users/glennbech/.m2/repository/asm/asm/3.1/asm-3.1.jar  /Users/glennbech/.m2/repository/com/sun/jersey/jersey-json/1.17/jersey-json-1.17.jar  /Users/glennbech/.m2/repository/org/codehaus/jettison/jettison/1.1/jettison-1.1.jar  /Users/glennbech/.m2/repository/com/sun/xml/bind/jaxb-impl/2.2.3-1/jaxb-impl-2.2.3-1.jar  /Users/glennbech/.m2/repository/javax/xml/bind/jaxb-api/2.2.2/jaxb-api-2.2.2.jar  /Users/glennbech/.m2/repository/javax/xml/stream/stax-api/1.0-2/stax-api-1.0-2.jar  /Users/glennbech/.m2/repository/org/codehaus/jackson/jackson-core-asl/1.9.2/jackson-core-asl-1.9.2.jar  /Users/glennbech/.m2/repository/org/codehaus/jackson/jackson-mapper-asl/1.9.2/jackson-mapper-asl-1.9.2.jar  /Users/glennbech/.m2/repository/org/codehaus/jackson/jackson-jaxrs/1.9.2/jackson-jaxrs-1.9.2.jar  /Users/glennbech/.m2/repository/org/codehaus/jackson/jackson-xc/1.9.2/jackson-xc-1.9.2.jar  /Users/glennbech/.m2/repository/com/sun/jersey/jersey-core/1.17/jersey-core-1.17.jar  /Users/glennbech/.m2/repository/junit/junit/4.8.2/junit-4.8.2.jar  /Users/glennbech/.m2/repository/com/sun/jersey/jersey-client/1.9.1/jersey-client-1.9.1.jar  /Users/glennbech/.m2/repository/org/springframework/spring-context/3.2.3.RELEASE/spring-context-3.2.3.RELEASE.jar  /Users/glennbech/.m2/repository/org/springframework/spring-aop/3.2.3.RELEASE/spring-aop-3.2.3.RELEASE.jar  /Users/glennbech/.m2/repository/org/springframework/spring-beans/3.2.3.RELEASE/spring-beans-3.2.3.RELEASE.jar  /Users/glennbech/.m2/repository/org/springframework/spring-expression/3.2.3.RELEASE/spring-expression-3.2.3.RELEASE.jar  /Users/glennbech/.m2/repository/org/springframework/spring-jdbc/3.2.3.RELEASE/spring-jdbc-3.2.3.RELEASE.jar  /Users/glennbech/.m2/repository/org/springframework/spring-tx/3.2.3.RELEASE/spring-tx-3.2.3.RELEASE.jar  /Users/glennbech/.m2/repository/org/springframework/spring-core/3.2.3.RELEASE/spring-core-3.2.3.RELEASE.jar  /Users/glennbech/.m2/repository/commons-logging/commons-logging/1.1.1/commons-logging-1.1.1.jar  /Users/glennbech/.m2/repository/org/springframework/spring-web/3.2.3.RELEASE/spring-web-3.2.3.RELEASE.jar  /Users/glennbech/.m2/repository/aopalliance/aopalliance/1.0/aopalliance-1.0.jar  /Users/glennbech/.m2/repository/mysql/mysql-connector-java/5.1.6/mysql-connector-java-5.1.6.jar  /Users/glennbech/.m2/repository/com/fasterxml/jackson/core/jackson-annotations/2.1.2/jackson-annotations-2.1.2.jar
[DEBUG] provider classpath:  /Users/glennbech/.m2/repository/org/apache/maven/surefire/surefire-junit4/2.15/surefire-junit4-2.15.jar  /Users/glennbech/.m2/repository/org/apache/maven/surefire/surefire-api/2.15/surefire-api-2.15.jar
[DEBUG] test(compact) classpath:  test-classes  classes  com.eclipsesource.restfuse-1.0.0.jar  jetty-j2se6-6.1.26.jar  jetty-6.1.26.jar  jetty-util-6.1.26.jar  servlet-api-2.5-20081211.jar  jersey-bundle-1.9.1.jar  jsr311-api-1.1.1.jar  servlet-api-2.5.jar  activation-1.1.jar  mail-1.4.jar  jersey-servlet-1.17.jar  jersey-server-1.17.jar  asm-3.1.jar  jersey-json-1.17.jar  jettison-1.1.jar  jaxb-impl-2.2.3-1.jar  jaxb-api-2.2.2.jar  stax-api-1.0-2.jar  jackson-core-asl-1.9.2.jar  jackson-mapper-asl-1.9.2.jar  jackson-jaxrs-1.9.2.jar  jackson-xc-1.9.2.jar  jersey-core-1.17.jar  junit-4.8.2.jar  jersey-client-1.9.1.jar  spring-context-3.2.3.RELEASE.jar  spring-aop-3.2.3.RELEASE.jar  spring-beans-3.2.3.RELEASE.jar  spring-expression-3.2.3.RELEASE.jar  spring-jdbc-3.2.3.RELEASE.jar  spring-tx-3.2.3.RELEASE.jar  spring-core-3.2.3.RELEASE.jar  commons-logging-1.1.1.jar  spring-web-3.2.3.RELEASE.jar  aopalliance-1.0.jar  mysql-connector-java-5.1.6.jar  jackson-annotations-2.1.2.jar
[DEBUG] provider(compact) classpath:  surefire-junit4-2.15.jar  surefire-api-2.15.jar

-------------------------------------------------------
 T E S T S
-------------------------------------------------------
[DEBUG] boot classpath:  /Users/glennbech/.m2/repository/org/apache/maven/surefire/surefire-booter/2.15/surefire-booter-2.15.jar  /Users/glennbech/.m2/repository/org/apache/maven/surefire/surefire-api/2.15/surefire-api-2.15.jar  /Users/glennbech/dev/usda-api-server/target/test-classes  /Users/glennbech/dev/usda-api-server/target/classes  /Users/glennbech/.m2/repository/com/restfuse/com.eclipsesource.restfuse/1.0.0/com.eclipsesource.restfuse-1.0.0.jar  /Users/glennbech/.m2/repository/org/mortbay/jetty/jetty-j2se6/6.1.26/jetty-j2se6-6.1.26.jar  /Users/glennbech/.m2/repository/org/mortbay/jetty/jetty/6.1.26/jetty-6.1.26.jar  /Users/glennbech/.m2/repository/org/mortbay/jetty/jetty-util/6.1.26/jetty-util-6.1.26.jar  /Users/glennbech/.m2/repository/org/mortbay/jetty/servlet-api/2.5-20081211/servlet-api-2.5-20081211.jar  /Users/glennbech/.m2/repository/com/sun/jersey/jersey-bundle/1.9.1/jersey-bundle-1.9.1.jar  /Users/glennbech/.m2/repository/javax/ws/rs/jsr311-api/1.1.1/jsr311-api-1.1.1.jar  /Users/glennbech/.m2/repository/javax/servlet/servlet-api/2.5/servlet-api-2.5.jar  /Users/glennbech/.m2/repository/javax/activation/activation/1.1/activation-1.1.jar  /Users/glennbech/.m2/repository/javax/mail/mail/1.4/mail-1.4.jar  /Users/glennbech/.m2/repository/com/sun/jersey/jersey-servlet/1.17/jersey-servlet-1.17.jar  /Users/glennbech/.m2/repository/com/sun/jersey/jersey-server/1.17/jersey-server-1.17.jar  /Users/glennbech/.m2/repository/asm/asm/3.1/asm-3.1.jar  /Users/glennbech/.m2/repository/com/sun/jersey/jersey-json/1.17/jersey-json-1.17.jar  /Users/glennbech/.m2/repository/org/codehaus/jettison/jettison/1.1/jettison-1.1.jar  /Users/glennbech/.m2/repository/com/sun/xml/bind/jaxb-impl/2.2.3-1/jaxb-impl-2.2.3-1.jar  /Users/glennbech/.m2/repository/javax/xml/bind/jaxb-api/2.2.2/jaxb-api-2.2.2.jar  /Users/glennbech/.m2/repository/javax/xml/stream/stax-api/1.0-2/stax-api-1.0-2.jar  /Users/glennbech/.m2/repository/org/codehaus/jackson/jackson-core-asl/1.9.2/jackson-core-asl-1.9.2.jar  /Users/glennbech/.m2/repository/org/codehaus/jackson/jackson-mapper-asl/1.9.2/jackson-mapper-asl-1.9.2.jar  /Users/glennbech/.m2/repository/org/codehaus/jackson/jackson-jaxrs/1.9.2/jackson-jaxrs-1.9.2.jar  /Users/glennbech/.m2/repository/org/codehaus/jackson/jackson-xc/1.9.2/jackson-xc-1.9.2.jar  /Users/glennbech/.m2/repository/com/sun/jersey/jersey-core/1.17/jersey-core-1.17.jar  /Users/glennbech/.m2/repository/junit/junit/4.8.2/junit-4.8.2.jar  /Users/glennbech/.m2/repository/com/sun/jersey/jersey-client/1.9.1/jersey-client-1.9.1.jar  /Users/glennbech/.m2/repository/org/springframework/spring-context/3.2.3.RELEASE/spring-context-3.2.3.RELEASE.jar  /Users/glennbech/.m2/repository/org/springframework/spring-aop/3.2.3.RELEASE/spring-aop-3.2.3.RELEASE.jar  /Users/glennbech/.m2/repository/org/springframework/spring-beans/3.2.3.RELEASE/spring-beans-3.2.3.RELEASE.jar  /Users/glennbech/.m2/repository/org/springframework/spring-expression/3.2.3.RELEASE/spring-expression-3.2.3.RELEASE.jar  /Users/glennbech/.m2/repository/org/springframework/spring-jdbc/3.2.3.RELEASE/spring-jdbc-3.2.3.RELEASE.jar  /Users/glennbech/.m2/repository/org/springframework/spring-tx/3.2.3.RELEASE/spring-tx-3.2.3.RELEASE.jar  /Users/glennbech/.m2/repository/org/springframework/spring-core/3.2.3.RELEASE/spring-core-3.2.3.RELEASE.jar  /Users/glennbech/.m2/repository/commons-logging/commons-logging/1.1.1/commons-logging-1.1.1.jar  /Users/glennbech/.m2/repository/org/springframework/spring-web/3.2.3.RELEASE/spring-web-3.2.3.RELEASE.jar  /Users/glennbech/.m2/repository/aopalliance/aopalliance/1.0/aopalliance-1.0.jar  /Users/glennbech/.m2/repository/mysql/mysql-connector-java/5.1.6/mysql-connector-java-5.1.6.jar  /Users/glennbech/.m2/repository/com/fasterxml/jackson/core/jackson-annotations/2.1.2/jackson-annotations-2.1.2.jar  /Users/glennbech/.m2/repository/org/apache/maven/surefire/surefire-junit4/2.15/surefire-junit4-2.15.jar
[DEBUG] boot(compact) classpath:  surefire-booter-2.15.jar  surefire-api-2.15.jar  test-classes  classes  com.eclipsesource.restfuse-1.0.0.jar  jetty-j2se6-6.1.26.jar  jetty-6.1.26.jar  jetty-util-6.1.26.jar  servlet-api-2.5-20081211.jar  jersey-bundle-1.9.1.jar  jsr311-api-1.1.1.jar  servlet-api-2.5.jar  activation-1.1.jar  mail-1.4.jar  jersey-servlet-1.17.jar  jersey-server-1.17.jar  asm-3.1.jar  jersey-json-1.17.jar  jettison-1.1.jar  jaxb-impl-2.2.3-1.jar  jaxb-api-2.2.2.jar  stax-api-1.0-2.jar  jackson-core-asl-1.9.2.jar  jackson-mapper-asl-1.9.2.jar  jackson-jaxrs-1.9.2.jar  jackson-xc-1.9.2.jar  jersey-core-1.17.jar  junit-4.8.2.jar  jersey-client-1.9.1.jar  spring-context-3.2.3.RELEASE.jar  spring-aop-3.2.3.RELEASE.jar  spring-beans-3.2.3.RELEASE.jar  spring-expression-3.2.3.RELEASE.jar  spring-jdbc-3.2.3.RELEASE.jar  spring-tx-3.2.3.RELEASE.jar  spring-core-3.2.3.RELEASE.jar  commons-logging-1.1.1.jar  spring-web-3.2.3.RELEASE.jar  aopalliance-1.0.jar  mysql-connector-java-5.1.6.jar  jackson-annotations-2.1.2.jar  surefire-junit4-2.15.jar
Forking command line: /bin/sh -c cd /Users/glennbech/dev/usda-api-server && /Library/Java/JavaVirtualMachines/jdk1.7.0_21.jdk/Contents/Home/jre/bin/java -jar /Users/glennbech/dev/usda-api-server/target/surefire/surefirebooter2220604390059600593.jar /Users/glennbech/dev/usda-api-server/target/surefire/surefire5915486298893638545tmp /Users/glennbech/dev/usda-api-server/target/surefire/surefire_07440406632892966481tmp
Running com.glennbech.usda.IntegrationTest
Tests run: 6, Failures: 0, Errors: 6, Skipped: 0, Time elapsed: 0.89 sec <<< FAILURE! - in com.glennbech.usda.IntegrationTest
checkfoodItem(com.glennbech.usda.IntegrationTest)  Time elapsed: 0.456 sec  <<< ERROR!
java.lang.IllegalStateException: com.sun.jersey.api.client.ClientHandlerException: java.net.ConnectException: Connection refused
	at com.eclipsesource.restfuse.internal.InternalRequest.get(InternalRequest.java:74)
	at com.eclipsesource.restfuse.internal.HttpTestStatement.callService(HttpTestStatement.java:83)
	at com.eclipsesource.restfuse.internal.HttpTestStatement.sendRequest(HttpTestStatement.java:70)
	at com.eclipsesource.restfuse.internal.BasicStatement.evaluate(BasicStatement.java:30)
	at com.eclipsesource.restfuse.internal.HttpTestStatement.evaluate(HttpTestStatement.java:55)
	at org.junit.runners.BlockJUnit4ClassRunner.runNotIgnored(BlockJUnit4ClassRunner.java:79)
	at org.junit.runners.BlockJUnit4ClassRunner.runChild(BlockJUnit4ClassRunner.java:71)
	at org.junit.runners.BlockJUnit4ClassRunner.runChild(BlockJUnit4ClassRunner.java:49)
	at org.junit.runners.ParentRunner$3.run(ParentRunner.java:193)
	at org.junit.runners.ParentRunner$1.schedule(ParentRunner.java:52)
	at org.junit.runners.ParentRunner.runChildren(ParentRunner.java:191)
	at org.junit.runners.ParentRunner.access$000(ParentRunner.java:42)
	at org.junit.runners.ParentRunner$2.evaluate(ParentRunner.java:184)
	at org.junit.runners.ParentRunner.run(ParentRunner.java:236)
	at org.apache.maven.surefire.junit4.JUnit4Provider.execute(JUnit4Provider.java:264)
	at org.apache.maven.surefire.junit4.JUnit4Provider.executeTestSet(JUnit4Provider.java:153)
	at org.apache.maven.surefire.junit4.JUnit4Provider.invoke(JUnit4Provider.java:124)
	at org.apache.maven.surefire.booter.ForkedBooter.invokeProviderInSameClassLoader(ForkedBooter.java:200)
	at org.apache.maven.surefire.booter.ForkedBooter.runSuitesInProcess(ForkedBooter.java:153)
	at org.apache.maven.surefire.booter.ForkedBooter.main(ForkedBooter.java:103)
Caused by: com.sun.jersey.api.client.ClientHandlerException: java.net.ConnectException: Connection refused
	at com.sun.jersey.client.urlconnection.URLConnectionClientHandler.handle(URLConnectionClientHandler.java:149)
	at com.sun.jersey.api.client.Client.handle(Client.java:648)
	at com.sun.jersey.api.client.WebResource.handle(WebResource.java:670)
	at com.sun.jersey.api.client.WebResource.access$200(WebResource.java:74)
	at com.sun.jersey.api.client.WebResource$Builder.get(WebResource.java:503)
	at com.eclipsesource.restfuse.internal.InternalRequest.get(InternalRequest.java:72)
	at com.eclipsesource.restfuse.internal.HttpTestStatement.callService(HttpTestStatement.java:83)
	at com.eclipsesource.restfuse.internal.HttpTestStatement.sendRequest(HttpTestStatement.java:70)
	at com.eclipsesource.restfuse.internal.BasicStatement.evaluate(BasicStatement.java:30)
	at com.eclipsesource.restfuse.internal.HttpTestStatement.evaluate(HttpTestStatement.java:55)
	at org.junit.runners.BlockJUnit4ClassRunner.runNotIgnored(BlockJUnit4ClassRunner.java:79)
	at org.junit.runners.BlockJUnit4ClassRunner.runChild(BlockJUnit4ClassRunner.java:71)
	at org.junit.runners.BlockJUnit4ClassRunner.runChild(BlockJUnit4ClassRunner.java:49)
	at org.junit.runners.ParentRunner$3.run(ParentRunner.java:193)
	at org.junit.runners.ParentRunner$1.schedule(ParentRunner.java:52)
	at org.junit.runners.ParentRunner.runChildren(ParentRunner.java:191)
	at org.junit.runners.ParentRunner.access$000(ParentRunner.java:42)
	at org.junit.runners.ParentRunner$2.evaluate(ParentRunner.java:184)
	at org.junit.runners.ParentRunner.run(ParentRunner.java:236)
	at org.apache.maven.surefire.junit4.JUnit4Provider.execute(JUnit4Provider.java:264)
	at org.apache.maven.surefire.junit4.JUnit4Provider.executeTestSet(JUnit4Provider.java:153)
	at org.apache.maven.surefire.junit4.JUnit4Provider.invoke(JUnit4Provider.java:124)
	at org.apache.maven.surefire.booter.ForkedBooter.invokeProviderInSameClassLoader(ForkedBooter.java:200)
	at org.apache.maven.surefire.booter.ForkedBooter.runSuitesInProcess(ForkedBooter.java:153)
	at org.apache.maven.surefire.booter.ForkedBooter.main(ForkedBooter.java:103)
Caused by: java.net.ConnectException: Connection refused
	at java.net.PlainSocketImpl.socketConnect(Native Method)
	at java.net.AbstractPlainSocketImpl.doConnect(AbstractPlainSocketImpl.java:339)
	at java.net.AbstractPlainSocketImpl.connectToAddress(AbstractPlainSocketImpl.java:200)
	at java.net.AbstractPlainSocketImpl.connect(AbstractPlainSocketImpl.java:182)
	at java.net.SocksSocketImpl.connect(SocksSocketImpl.java:391)
	at java.net.Socket.connect(Socket.java:579)
	at java.net.Socket.connect(Socket.java:528)
	at sun.net.NetworkClient.doConnect(NetworkClient.java:180)
	at sun.net.www.http.HttpClient.openServer(HttpClient.java:378)
	at sun.net.www.http.HttpClient.openServer(HttpClient.java:473)
	at sun.net.www.http.HttpClient.<init>(HttpClient.java:203)
	at sun.net.www.http.HttpClient.New(HttpClient.java:290)
	at sun.net.www.http.HttpClient.New(HttpClient.java:306)
	at sun.net.www.protocol.http.HttpURLConnection.getNewHttpClient(HttpURLConnection.java:995)
	at sun.net.www.protocol.http.HttpURLConnection.plainConnect(HttpURLConnection.java:931)
	at sun.net.www.protocol.http.HttpURLConnection.connect(HttpURLConnection.java:849)
	at sun.net.www.protocol.http.HttpURLConnection.getInputStream(HttpURLConnection.java:1299)
	at java.net.HttpURLConnection.getResponseCode(HttpURLConnection.java:468)
	at com.sun.jersey.client.urlconnection.URLConnectionClientHandler._invoke(URLConnectionClientHandler.java:240)
	at com.sun.jersey.client.urlconnection.URLConnectionClientHandler.handle(URLConnectionClientHandler.java:147)
	at com.sun.jersey.api.client.Client.handle(Client.java:648)
	at com.sun.jersey.api.client.WebResource.handle(WebResource.java:670)
	at com.sun.jersey.api.client.WebResource.access$200(WebResource.java:74)
	at com.sun.jersey.api.client.WebResource$Builder.get(WebResource.java:503)
	at com.eclipsesource.restfuse.internal.InternalRequest.get(InternalRequest.java:72)
	at com.eclipsesource.restfuse.internal.HttpTestStatement.callService(HttpTestStatement.java:83)
	at com.eclipsesource.restfuse.internal.HttpTestStatement.sendRequest(HttpTestStatement.java:70)
	at com.eclipsesource.restfuse.internal.BasicStatement.evaluate(BasicStatement.java:30)
	at com.eclipsesource.restfuse.internal.HttpTestStatement.evaluate(HttpTestStatement.java:55)
	at org.junit.runners.BlockJUnit4ClassRunner.runNotIgnored(BlockJUnit4ClassRunner.java:79)
	at org.junit.runners.BlockJUnit4ClassRunner.runChild(BlockJUnit4ClassRunner.java:71)
	at org.junit.runners.BlockJUnit4ClassRunner.runChild(BlockJUnit4ClassRunner.java:49)
	at org.junit.runners.ParentRunner$3.run(ParentRunner.java:193)
	at org.junit.runners.ParentRunner$1.schedule(ParentRunner.java:52)
	at org.junit.runners.ParentRunner.runChildren(ParentRunner.java:191)
	at org.junit.runners.ParentRunner.access$000(ParentRunner.java:42)
	at org.junit.runners.ParentRunner$2.evaluate(ParentRunner.java:184)
	at org.junit.runners.ParentRunner.run(ParentRunner.java:236)
	at org.apache.maven.surefire.junit4.JUnit4Provider.execute(JUnit4Provider.java:264)
	at org.apache.maven.surefire.junit4.JUnit4Provider.executeTestSet(JUnit4Provider.java:153)
	at org.apache.maven.surefire.junit4.JUnit4Provider.invoke(JUnit4Provider.java:124)
	at org.apache.maven.surefire.booter.ForkedBooter.invokeProviderInSameClassLoader(ForkedBooter.java:200)
	at org.apache.maven.surefire.booter.ForkedBooter.runSuitesInProcess(ForkedBooter.java:153)
	at org.apache.maven.surefire.booter.ForkedBooter.main(ForkedBooter.java:103)

checkFoodGroupsOk(com.glennbech.usda.IntegrationTest)  Time elapsed: 0.099 sec  <<< ERROR!
java.lang.IllegalStateException: com.sun.jersey.api.client.ClientHandlerException: java.net.ConnectException: Connection refused
	at com.eclipsesource.restfuse.internal.InternalRequest.get(InternalRequest.java:74)
	at com.eclipsesource.restfuse.internal.HttpTestStatement.callService(HttpTestStatement.java:83)
	at com.eclipsesource.restfuse.internal.HttpTestStatement.sendRequest(HttpTestStatement.java:70)
	at com.eclipsesource.restfuse.internal.BasicStatement.evaluate(BasicStatement.java:30)
	at com.eclipsesource.restfuse.internal.HttpTestStatement.evaluate(HttpTestStatement.java:55)
	at org.junit.runners.BlockJUnit4ClassRunner.runNotIgnored(BlockJUnit4ClassRunner.java:79)
	at org.junit.runners.BlockJUnit4ClassRunner.runChild(BlockJUnit4ClassRunner.java:71)
	at org.junit.runners.BlockJUnit4ClassRunner.runChild(BlockJUnit4ClassRunner.java:49)
	at org.junit.runners.ParentRunner$3.run(ParentRunner.java:193)
	at org.junit.runners.ParentRunner$1.schedule(ParentRunner.java:52)
	at org.junit.runners.ParentRunner.runChildren(ParentRunner.java:191)
	at org.junit.runners.ParentRunner.access$000(ParentRunner.java:42)
	at org.junit.runners.ParentRunner$2.evaluate(ParentRunner.java:184)
	at org.junit.runners.ParentRunner.run(ParentRunner.java:236)
	at org.apache.maven.surefire.junit4.JUnit4Provider.execute(JUnit4Provider.java:264)
	at org.apache.maven.surefire.junit4.JUnit4Provider.executeTestSet(JUnit4Provider.java:153)
	at org.apache.maven.surefire.junit4.JUnit4Provider.invoke(JUnit4Provider.java:124)
	at org.apache.maven.surefire.booter.ForkedBooter.invokeProviderInSameClassLoader(ForkedBooter.java:200)
	at org.apache.maven.surefire.booter.ForkedBooter.runSuitesInProcess(ForkedBooter.java:153)
	at org.apache.maven.surefire.booter.ForkedBooter.main(ForkedBooter.java:103)
Caused by: com.sun.jersey.api.client.ClientHandlerException: java.net.ConnectException: Connection refused
	at com.sun.jersey.client.urlconnection.URLConnectionClientHandler.handle(URLConnectionClientHandler.java:149)
	at com.sun.jersey.api.client.Client.handle(Client.java:648)
	at com.sun.jersey.api.client.WebResource.handle(WebResource.java:670)
	at com.sun.jersey.api.client.WebResource.access$200(WebResource.java:74)
	at com.sun.jersey.api.client.WebResource$Builder.get(WebResource.java:503)
	at com.eclipsesource.restfuse.internal.InternalRequest.get(InternalRequest.java:72)
	at com.eclipsesource.restfuse.internal.HttpTestStatement.callService(HttpTestStatement.java:83)
	at com.eclipsesource.restfuse.internal.HttpTestStatement.sendRequest(HttpTestStatement.java:70)
	at com.eclipsesource.restfuse.internal.BasicStatement.evaluate(BasicStatement.java:30)
	at com.eclipsesource.restfuse.internal.HttpTestStatement.evaluate(HttpTestStatement.java:55)
	at org.junit.runners.BlockJUnit4ClassRunner.runNotIgnored(BlockJUnit4ClassRunner.java:79)
	at org.junit.runners.BlockJUnit4ClassRunner.runChild(BlockJUnit4ClassRunner.java:71)
	at org.junit.runners.BlockJUnit4ClassRunner.runChild(BlockJUnit4ClassRunner.java:49)
	at org.junit.runners.ParentRunner$3.run(ParentRunner.java:193)
	at org.junit.runners.ParentRunner$1.schedule(ParentRunner.java:52)
	at org.junit.runners.ParentRunner.runChildren(ParentRunner.java:191)
	at org.junit.runners.ParentRunner.access$000(ParentRunner.java:42)
	at org.junit.runners.ParentRunner$2.evaluate(ParentRunner.java:184)
	at org.junit.runners.ParentRunner.run(ParentRunner.java:236)
	at org.apache.maven.surefire.junit4.JUnit4Provider.execute(JUnit4Provider.java:264)
	at org.apache.maven.surefire.junit4.JUnit4Provider.executeTestSet(JUnit4Provider.java:153)
	at org.apache.maven.surefire.junit4.JUnit4Provider.invoke(JUnit4Provider.java:124)
	at org.apache.maven.surefire.booter.ForkedBooter.invokeProviderInSameClassLoader(ForkedBooter.java:200)
	at org.apache.maven.surefire.booter.ForkedBooter.runSuitesInProcess(ForkedBooter.java:153)
	at org.apache.maven.surefire.booter.ForkedBooter.main(ForkedBooter.java:103)
Caused by: java.net.ConnectException: Connection refused
	at java.net.PlainSocketImpl.socketConnect(Native Method)
	at java.net.AbstractPlainSocketImpl.doConnect(AbstractPlainSocketImpl.java:339)
	at java.net.AbstractPlainSocketImpl.connectToAddress(AbstractPlainSocketImpl.java:200)
	at java.net.AbstractPlainSocketImpl.connect(AbstractPlainSocketImpl.java:182)
	at java.net.SocksSocketImpl.connect(SocksSocketImpl.java:391)
	at java.net.Socket.connect(Socket.java:579)
	at java.net.Socket.connect(Socket.java:528)
	at sun.net.NetworkClient.doConnect(NetworkClient.java:180)
	at sun.net.www.http.HttpClient.openServer(HttpClient.java:378)
	at sun.net.www.http.HttpClient.openServer(HttpClient.java:473)
	at sun.net.www.http.HttpClient.<init>(HttpClient.java:203)
	at sun.net.www.http.HttpClient.New(HttpClient.java:290)
	at sun.net.www.http.HttpClient.New(HttpClient.java:306)
	at sun.net.www.protocol.http.HttpURLConnection.getNewHttpClient(HttpURLConnection.java:995)
	at sun.net.www.protocol.http.HttpURLConnection.plainConnect(HttpURLConnection.java:931)
	at sun.net.www.protocol.http.HttpURLConnection.connect(HttpURLConnection.java:849)
	at sun.net.www.protocol.http.HttpURLConnection.getInputStream(HttpURLConnection.java:1299)
	at java.net.HttpURLConnection.getResponseCode(HttpURLConnection.java:468)
	at com.sun.jersey.client.urlconnection.URLConnectionClientHandler._invoke(URLConnectionClientHandler.java:240)
	at com.sun.jersey.client.urlconnection.URLConnectionClientHandler.handle(URLConnectionClientHandler.java:147)
	at com.sun.jersey.api.client.Client.handle(Client.java:648)
	at com.sun.jersey.api.client.WebResource.handle(WebResource.java:670)
	at com.sun.jersey.api.client.WebResource.access$200(WebResource.java:74)
	at com.sun.jersey.api.client.WebResource$Builder.get(WebResource.java:503)
	at com.eclipsesource.restfuse.internal.InternalRequest.get(InternalRequest.java:72)
	at com.eclipsesource.restfuse.internal.HttpTestStatement.callService(HttpTestStatement.java:83)
	at com.eclipsesource.restfuse.internal.HttpTestStatement.sendRequest(HttpTestStatement.java:70)
	at com.eclipsesource.restfuse.internal.BasicStatement.evaluate(BasicStatement.java:30)
	at com.eclipsesource.restfuse.internal.HttpTestStatement.evaluate(HttpTestStatement.java:55)
	at org.junit.runners.BlockJUnit4ClassRunner.runNotIgnored(BlockJUnit4ClassRunner.java:79)
	at org.junit.runners.BlockJUnit4ClassRunner.runChild(BlockJUnit4ClassRunner.java:71)
	at org.junit.runners.BlockJUnit4ClassRunner.runChild(BlockJUnit4ClassRunner.java:49)
	at org.junit.runners.ParentRunner$3.run(ParentRunner.java:193)
	at org.junit.runners.ParentRunner$1.schedule(ParentRunner.java:52)
	at org.junit.runners.ParentRunner.runChildren(ParentRunner.java:191)
	at org.junit.runners.ParentRunner.access$000(ParentRunner.java:42)
	at org.junit.runners.ParentRunner$2.evaluate(ParentRunner.java:184)
	at org.junit.runners.ParentRunner.run(ParentRunner.java:236)
	at org.apache.maven.surefire.junit4.JUnit4Provider.execute(JUnit4Provider.java:264)
	at org.apache.maven.surefire.junit4.JUnit4Provider.executeTestSet(JUnit4Provider.java:153)
	at org.apache.maven.surefire.junit4.JUnit4Provider.invoke(JUnit4Provider.java:124)
	at org.apache.maven.surefire.booter.ForkedBooter.invokeProviderInSameClassLoader(ForkedBooter.java:200)
	at org.apache.maven.surefire.booter.ForkedBooter.runSuitesInProcess(ForkedBooter.java:153)
	at org.apache.maven.surefire.booter.ForkedBooter.main(ForkedBooter.java:103)

checkfoodItemWithNutrients(com.glennbech.usda.IntegrationTest)  Time elapsed: 0.08 sec  <<< ERROR!
java.lang.IllegalStateException: com.sun.jersey.api.client.ClientHandlerException: java.net.ConnectException: Connection refused
	at com.eclipsesource.restfuse.internal.InternalRequest.get(InternalRequest.java:74)
	at com.eclipsesource.restfuse.internal.HttpTestStatement.callService(HttpTestStatement.java:83)
	at com.eclipsesource.restfuse.internal.HttpTestStatement.sendRequest(HttpTestStatement.java:70)
	at com.eclipsesource.restfuse.internal.BasicStatement.evaluate(BasicStatement.java:30)
	at com.eclipsesource.restfuse.internal.HttpTestStatement.evaluate(HttpTestStatement.java:55)
	at org.junit.runners.BlockJUnit4ClassRunner.runNotIgnored(BlockJUnit4ClassRunner.java:79)
	at org.junit.runners.BlockJUnit4ClassRunner.runChild(BlockJUnit4ClassRunner.java:71)
	at org.junit.runners.BlockJUnit4ClassRunner.runChild(BlockJUnit4ClassRunner.java:49)
	at org.junit.runners.ParentRunner$3.run(ParentRunner.java:193)
	at org.junit.runners.ParentRunner$1.schedule(ParentRunner.java:52)
	at org.junit.runners.ParentRunner.runChildren(ParentRunner.java:191)
	at org.junit.runners.ParentRunner.access$000(ParentRunner.java:42)
	at org.junit.runners.ParentRunner$2.evaluate(ParentRunner.java:184)
	at org.junit.runners.ParentRunner.run(ParentRunner.java:236)
	at org.apache.maven.surefire.junit4.JUnit4Provider.execute(JUnit4Provider.java:264)
	at org.apache.maven.surefire.junit4.JUnit4Provider.executeTestSet(JUnit4Provider.java:153)
	at org.apache.maven.surefire.junit4.JUnit4Provider.invoke(JUnit4Provider.java:124)
	at org.apache.maven.surefire.booter.ForkedBooter.invokeProviderInSameClassLoader(ForkedBooter.java:200)
	at org.apache.maven.surefire.booter.ForkedBooter.runSuitesInProcess(ForkedBooter.java:153)
	at org.apache.maven.surefire.booter.ForkedBooter.main(ForkedBooter.java:103)
Caused by: com.sun.jersey.api.client.ClientHandlerException: java.net.ConnectException: Connection refused
	at com.sun.jersey.client.urlconnection.URLConnectionClientHandler.handle(URLConnectionClientHandler.java:149)
	at com.sun.jersey.api.client.Client.handle(Client.java:648)
	at com.sun.jersey.api.client.WebResource.handle(WebResource.java:670)
	at com.sun.jersey.api.client.WebResource.access$200(WebResource.java:74)
	at com.sun.jersey.api.client.WebResource$Builder.get(WebResource.java:503)
	at com.eclipsesource.restfuse.internal.InternalRequest.get(InternalRequest.java:72)
	at com.eclipsesource.restfuse.internal.HttpTestStatement.callService(HttpTestStatement.java:83)
	at com.eclipsesource.restfuse.internal.HttpTestStatement.sendRequest(HttpTestStatement.java:70)
	at com.eclipsesource.restfuse.internal.BasicStatement.evaluate(BasicStatement.java:30)
	at com.eclipsesource.restfuse.internal.HttpTestStatement.evaluate(HttpTestStatement.java:55)
	at org.junit.runners.BlockJUnit4ClassRunner.runNotIgnored(BlockJUnit4ClassRunner.java:79)
	at org.junit.runners.BlockJUnit4ClassRunner.runChild(BlockJUnit4ClassRunner.java:71)
	at org.junit.runners.BlockJUnit4ClassRunner.runChild(BlockJUnit4ClassRunner.java:49)
	at org.junit.runners.ParentRunner$3.run(ParentRunner.java:193)
	at org.junit.runners.ParentRunner$1.schedule(ParentRunner.java:52)
	at org.junit.runners.ParentRunner.runChildren(ParentRunner.java:191)
	at org.junit.runners.ParentRunner.access$000(ParentRunner.java:42)
	at org.junit.runners.ParentRunner$2.evaluate(ParentRunner.java:184)
	at org.junit.runners.ParentRunner.run(ParentRunner.java:236)
	at org.apache.maven.surefire.junit4.JUnit4Provider.execute(JUnit4Provider.java:264)
	at org.apache.maven.surefire.junit4.JUnit4Provider.executeTestSet(JUnit4Provider.java:153)
	at org.apache.maven.surefire.junit4.JUnit4Provider.invoke(JUnit4Provider.java:124)
	at org.apache.maven.surefire.booter.ForkedBooter.invokeProviderInSameClassLoader(ForkedBooter.java:200)
	at org.apache.maven.surefire.booter.ForkedBooter.runSuitesInProcess(ForkedBooter.java:153)
	at org.apache.maven.surefire.booter.ForkedBooter.main(ForkedBooter.java:103)
Caused by: java.net.ConnectException: Connection refused
	at java.net.PlainSocketImpl.socketConnect(Native Method)
	at java.net.AbstractPlainSocketImpl.doConnect(AbstractPlainSocketImpl.java:339)
	at java.net.AbstractPlainSocketImpl.connectToAddress(AbstractPlainSocketImpl.java:200)
	at java.net.AbstractPlainSocketImpl.connect(AbstractPlainSocketImpl.java:182)
	at java.net.SocksSocketImpl.connect(SocksSocketImpl.java:391)
	at java.net.Socket.connect(Socket.java:579)
	at java.net.Socket.connect(Socket.java:528)
	at sun.net.NetworkClient.doConnect(NetworkClient.java:180)
	at sun.net.www.http.HttpClient.openServer(HttpClient.java:378)
	at sun.net.www.http.HttpClient.openServer(HttpClient.java:473)
	at sun.net.www.http.HttpClient.<init>(HttpClient.java:203)
	at sun.net.www.http.HttpClient.New(HttpClient.java:290)
	at sun.net.www.http.HttpClient.New(HttpClient.java:306)
	at sun.net.www.protocol.http.HttpURLConnection.getNewHttpClient(HttpURLConnection.java:995)
	at sun.net.www.protocol.http.HttpURLConnection.plainConnect(HttpURLConnection.java:931)
	at sun.net.www.protocol.http.HttpURLConnection.connect(HttpURLConnection.java:849)
	at sun.net.www.protocol.http.HttpURLConnection.getInputStream(HttpURLConnection.java:1299)
	at java.net.HttpURLConnection.getResponseCode(HttpURLConnection.java:468)
	at com.sun.jersey.client.urlconnection.URLConnectionClientHandler._invoke(URLConnectionClientHandler.java:240)
	at com.sun.jersey.client.urlconnection.URLConnectionClientHandler.handle(URLConnectionClientHandler.java:147)
	at com.sun.jersey.api.client.Client.handle(Client.java:648)
	at com.sun.jersey.api.client.WebResource.handle(WebResource.java:670)
	at com.sun.jersey.api.client.WebResource.access$200(WebResource.java:74)
	at com.sun.jersey.api.client.WebResource$Builder.get(WebResource.java:503)
	at com.eclipsesource.restfuse.internal.InternalRequest.get(InternalRequest.java:72)
	at com.eclipsesource.restfuse.internal.HttpTestStatement.callService(HttpTestStatement.java:83)
	at com.eclipsesource.restfuse.internal.HttpTestStatement.sendRequest(HttpTestStatement.java:70)
	at com.eclipsesource.restfuse.internal.BasicStatement.evaluate(BasicStatement.java:30)
	at com.eclipsesource.restfuse.internal.HttpTestStatement.evaluate(HttpTestStatement.java:55)
	at org.junit.runners.BlockJUnit4ClassRunner.runNotIgnored(BlockJUnit4ClassRunner.java:79)
	at org.junit.runners.BlockJUnit4ClassRunner.runChild(BlockJUnit4ClassRunner.java:71)
	at org.junit.runners.BlockJUnit4ClassRunner.runChild(BlockJUnit4ClassRunner.java:49)
	at org.junit.runners.ParentRunner$3.run(ParentRunner.java:193)
	at org.junit.runners.ParentRunner$1.schedule(ParentRunner.java:52)
	at org.junit.runners.ParentRunner.runChildren(ParentRunner.java:191)
	at org.junit.runners.ParentRunner.access$000(ParentRunner.java:42)
	at org.junit.runners.ParentRunner$2.evaluate(ParentRunner.java:184)
	at org.junit.runners.ParentRunner.run(ParentRunner.java:236)
	at org.apache.maven.surefire.junit4.JUnit4Provider.execute(JUnit4Provider.java:264)
	at org.apache.maven.surefire.junit4.JUnit4Provider.executeTestSet(JUnit4Provider.java:153)
	at org.apache.maven.surefire.junit4.JUnit4Provider.invoke(JUnit4Provider.java:124)
	at org.apache.maven.surefire.booter.ForkedBooter.invokeProviderInSameClassLoader(ForkedBooter.java:200)
	at org.apache.maven.surefire.booter.ForkedBooter.runSuitesInProcess(ForkedBooter.java:153)
	at org.apache.maven.surefire.booter.ForkedBooter.main(ForkedBooter.java:103)

checkfoodItemWithNutrientsAndWeights(com.glennbech.usda.IntegrationTest)  Time elapsed: 0.078 sec  <<< ERROR!
java.lang.IllegalStateException: com.sun.jersey.api.client.ClientHandlerException: java.net.ConnectException: Connection refused
	at com.eclipsesource.restfuse.internal.InternalRequest.get(InternalRequest.java:74)
	at com.eclipsesource.restfuse.internal.HttpTestStatement.callService(HttpTestStatement.java:83)
	at com.eclipsesource.restfuse.internal.HttpTestStatement.sendRequest(HttpTestStatement.java:70)
	at com.eclipsesource.restfuse.internal.BasicStatement.evaluate(BasicStatement.java:30)
	at com.eclipsesource.restfuse.internal.HttpTestStatement.evaluate(HttpTestStatement.java:55)
	at org.junit.runners.BlockJUnit4ClassRunner.runNotIgnored(BlockJUnit4ClassRunner.java:79)
	at org.junit.runners.BlockJUnit4ClassRunner.runChild(BlockJUnit4ClassRunner.java:71)
	at org.junit.runners.BlockJUnit4ClassRunner.runChild(BlockJUnit4ClassRunner.java:49)
	at org.junit.runners.ParentRunner$3.run(ParentRunner.java:193)
	at org.junit.runners.ParentRunner$1.schedule(ParentRunner.java:52)
	at org.junit.runners.ParentRunner.runChildren(ParentRunner.java:191)
	at org.junit.runners.ParentRunner.access$000(ParentRunner.java:42)
	at org.junit.runners.ParentRunner$2.evaluate(ParentRunner.java:184)
	at org.junit.runners.ParentRunner.run(ParentRunner.java:236)
	at org.apache.maven.surefire.junit4.JUnit4Provider.execute(JUnit4Provider.java:264)
	at org.apache.maven.surefire.junit4.JUnit4Provider.executeTestSet(JUnit4Provider.java:153)
	at org.apache.maven.surefire.junit4.JUnit4Provider.invoke(JUnit4Provider.java:124)
	at org.apache.maven.surefire.booter.ForkedBooter.invokeProviderInSameClassLoader(ForkedBooter.java:200)
	at org.apache.maven.surefire.booter.ForkedBooter.runSuitesInProcess(ForkedBooter.java:153)
	at org.apache.maven.surefire.booter.ForkedBooter.main(ForkedBooter.java:103)
Caused by: com.sun.jersey.api.client.ClientHandlerException: java.net.ConnectException: Connection refused
	at com.sun.jersey.client.urlconnection.URLConnectionClientHandler.handle(URLConnectionClientHandler.java:149)
	at com.sun.jersey.api.client.Client.handle(Client.java:648)
	at com.sun.jersey.api.client.WebResource.handle(WebResource.java:670)
	at com.sun.jersey.api.client.WebResource.access$200(WebResource.java:74)
	at com.sun.jersey.api.client.WebResource$Builder.get(WebResource.java:503)
	at com.eclipsesource.restfuse.internal.InternalRequest.get(InternalRequest.java:72)
	at com.eclipsesource.restfuse.internal.HttpTestStatement.callService(HttpTestStatement.java:83)
	at com.eclipsesource.restfuse.internal.HttpTestStatement.sendRequest(HttpTestStatement.java:70)
	at com.eclipsesource.restfuse.internal.BasicStatement.evaluate(BasicStatement.java:30)
	at com.eclipsesource.restfuse.internal.HttpTestStatement.evaluate(HttpTestStatement.java:55)
	at org.junit.runners.BlockJUnit4ClassRunner.runNotIgnored(BlockJUnit4ClassRunner.java:79)
	at org.junit.runners.BlockJUnit4ClassRunner.runChild(BlockJUnit4ClassRunner.java:71)
	at org.junit.runners.BlockJUnit4ClassRunner.runChild(BlockJUnit4ClassRunner.java:49)
	at org.junit.runners.ParentRunner$3.run(ParentRunner.java:193)
	at org.junit.runners.ParentRunner$1.schedule(ParentRunner.java:52)
	at org.junit.runners.ParentRunner.runChildren(ParentRunner.java:191)
	at org.junit.runners.ParentRunner.access$000(ParentRunner.java:42)
	at org.junit.runners.ParentRunner$2.evaluate(ParentRunner.java:184)
	at org.junit.runners.ParentRunner.run(ParentRunner.java:236)
	at org.apache.maven.surefire.junit4.JUnit4Provider.execute(JUnit4Provider.java:264)
	at org.apache.maven.surefire.junit4.JUnit4Provider.executeTestSet(JUnit4Provider.java:153)
	at org.apache.maven.surefire.junit4.JUnit4Provider.invoke(JUnit4Provider.java:124)
	at org.apache.maven.surefire.booter.ForkedBooter.invokeProviderInSameClassLoader(ForkedBooter.java:200)
	at org.apache.maven.surefire.booter.ForkedBooter.runSuitesInProcess(ForkedBooter.java:153)
	at org.apache.maven.surefire.booter.ForkedBooter.main(ForkedBooter.java:103)
Caused by: java.net.ConnectException: Connection refused
	at java.net.PlainSocketImpl.socketConnect(Native Method)
	at java.net.AbstractPlainSocketImpl.doConnect(AbstractPlainSocketImpl.java:339)
	at java.net.AbstractPlainSocketImpl.connectToAddress(AbstractPlainSocketImpl.java:200)
	at java.net.AbstractPlainSocketImpl.connect(AbstractPlainSocketImpl.java:182)
	at java.net.SocksSocketImpl.connect(SocksSocketImpl.java:391)
	at java.net.Socket.connect(Socket.java:579)
	at java.net.Socket.connect(Socket.java:528)
	at sun.net.NetworkClient.doConnect(NetworkClient.java:180)
	at sun.net.www.http.HttpClient.openServer(HttpClient.java:378)
	at sun.net.www.http.HttpClient.openServer(HttpClient.java:473)
	at sun.net.www.http.HttpClient.<init>(HttpClient.java:203)
	at sun.net.www.http.HttpClient.New(HttpClient.java:290)
	at sun.net.www.http.HttpClient.New(HttpClient.java:306)
	at sun.net.www.protocol.http.HttpURLConnection.getNewHttpClient(HttpURLConnection.java:995)
	at sun.net.www.protocol.http.HttpURLConnection.plainConnect(HttpURLConnection.java:931)
	at sun.net.www.protocol.http.HttpURLConnection.connect(HttpURLConnection.java:849)
	at sun.net.www.protocol.http.HttpURLConnection.getInputStream(HttpURLConnection.java:1299)
	at java.net.HttpURLConnection.getResponseCode(HttpURLConnection.java:468)
	at com.sun.jersey.client.urlconnection.URLConnectionClientHandler._invoke(URLConnectionClientHandler.java:240)
	at com.sun.jersey.client.urlconnection.URLConnectionClientHandler.handle(URLConnectionClientHandler.java:147)
	at com.sun.jersey.api.client.Client.handle(Client.java:648)
	at com.sun.jersey.api.client.WebResource.handle(WebResource.java:670)
	at com.sun.jersey.api.client.WebResource.access$200(WebResource.java:74)
	at com.sun.jersey.api.client.WebResource$Builder.get(WebResource.java:503)
	at com.eclipsesource.restfuse.internal.InternalRequest.get(InternalRequest.java:72)
	at com.eclipsesource.restfuse.internal.HttpTestStatement.callService(HttpTestStatement.java:83)
	at com.eclipsesource.restfuse.internal.HttpTestStatement.sendRequest(HttpTestStatement.java:70)
	at com.eclipsesource.restfuse.internal.BasicStatement.evaluate(BasicStatement.java:30)
	at com.eclipsesource.restfuse.internal.HttpTestStatement.evaluate(HttpTestStatement.java:55)
	at org.junit.runners.BlockJUnit4ClassRunner.runNotIgnored(BlockJUnit4ClassRunner.java:79)
	at org.junit.runners.BlockJUnit4ClassRunner.runChild(BlockJUnit4ClassRunner.java:71)
	at org.junit.runners.BlockJUnit4ClassRunner.runChild(BlockJUnit4ClassRunner.java:49)
	at org.junit.runners.ParentRunner$3.run(ParentRunner.java:193)
	at org.junit.runners.ParentRunner$1.schedule(ParentRunner.java:52)
	at org.junit.runners.ParentRunner.runChildren(ParentRunner.java:191)
	at org.junit.runners.ParentRunner.access$000(ParentRunner.java:42)
	at org.junit.runners.ParentRunner$2.evaluate(ParentRunner.java:184)
	at org.junit.runners.ParentRunner.run(ParentRunner.java:236)
	at org.apache.maven.surefire.junit4.JUnit4Provider.execute(JUnit4Provider.java:264)
	at org.apache.maven.surefire.junit4.JUnit4Provider.executeTestSet(JUnit4Provider.java:153)
	at org.apache.maven.surefire.junit4.JUnit4Provider.invoke(JUnit4Provider.java:124)
	at org.apache.maven.surefire.booter.ForkedBooter.invokeProviderInSameClassLoader(ForkedBooter.java:200)
	at org.apache.maven.surefire.booter.ForkedBooter.runSuitesInProcess(ForkedBooter.java:153)
	at org.apache.maven.surefire.booter.ForkedBooter.main(ForkedBooter.java:103)

checkNutrients(com.glennbech.usda.IntegrationTest)  Time elapsed: 0.069 sec  <<< ERROR!
java.lang.IllegalStateException: com.sun.jersey.api.client.ClientHandlerException: java.net.ConnectException: Connection refused
	at com.eclipsesource.restfuse.internal.InternalRequest.get(InternalRequest.java:74)
	at com.eclipsesource.restfuse.internal.HttpTestStatement.callService(HttpTestStatement.java:83)
	at com.eclipsesource.restfuse.internal.HttpTestStatement.sendRequest(HttpTestStatement.java:70)
	at com.eclipsesource.restfuse.internal.BasicStatement.evaluate(BasicStatement.java:30)
	at com.eclipsesource.restfuse.internal.HttpTestStatement.evaluate(HttpTestStatement.java:55)
	at org.junit.runners.BlockJUnit4ClassRunner.runNotIgnored(BlockJUnit4ClassRunner.java:79)
	at org.junit.runners.BlockJUnit4ClassRunner.runChild(BlockJUnit4ClassRunner.java:71)
	at org.junit.runners.BlockJUnit4ClassRunner.runChild(BlockJUnit4ClassRunner.java:49)
	at org.junit.runners.ParentRunner$3.run(ParentRunner.java:193)
	at org.junit.runners.ParentRunner$1.schedule(ParentRunner.java:52)
	at org.junit.runners.ParentRunner.runChildren(ParentRunner.java:191)
	at org.junit.runners.ParentRunner.access$000(ParentRunner.java:42)
	at org.junit.runners.ParentRunner$2.evaluate(ParentRunner.java:184)
	at org.junit.runners.ParentRunner.run(ParentRunner.java:236)
	at org.apache.maven.surefire.junit4.JUnit4Provider.execute(JUnit4Provider.java:264)
	at org.apache.maven.surefire.junit4.JUnit4Provider.executeTestSet(JUnit4Provider.java:153)
	at org.apache.maven.surefire.junit4.JUnit4Provider.invoke(JUnit4Provider.java:124)
	at org.apache.maven.surefire.booter.ForkedBooter.invokeProviderInSameClassLoader(ForkedBooter.java:200)
	at org.apache.maven.surefire.booter.ForkedBooter.runSuitesInProcess(ForkedBooter.java:153)
	at org.apache.maven.surefire.booter.ForkedBooter.main(ForkedBooter.java:103)
Caused by: com.sun.jersey.api.client.ClientHandlerException: java.net.ConnectException: Connection refused
	at com.sun.jersey.client.urlconnection.URLConnectionClientHandler.handle(URLConnectionClientHandler.java:149)
	at com.sun.jersey.api.client.Client.handle(Client.java:648)
	at com.sun.jersey.api.client.WebResource.handle(WebResource.java:670)
	at com.sun.jersey.api.client.WebResource.access$200(WebResource.java:74)
	at com.sun.jersey.api.client.WebResource$Builder.get(WebResource.java:503)
	at com.eclipsesource.restfuse.internal.InternalRequest.get(InternalRequest.java:72)
	at com.eclipsesource.restfuse.internal.HttpTestStatement.callService(HttpTestStatement.java:83)
	at com.eclipsesource.restfuse.internal.HttpTestStatement.sendRequest(HttpTestStatement.java:70)
	at com.eclipsesource.restfuse.internal.BasicStatement.evaluate(BasicStatement.java:30)
	at com.eclipsesource.restfuse.internal.HttpTestStatement.evaluate(HttpTestStatement.java:55)
	at org.junit.runners.BlockJUnit4ClassRunner.runNotIgnored(BlockJUnit4ClassRunner.java:79)
	at org.junit.runners.BlockJUnit4ClassRunner.runChild(BlockJUnit4ClassRunner.java:71)
	at org.junit.runners.BlockJUnit4ClassRunner.runChild(BlockJUnit4ClassRunner.java:49)
	at org.junit.runners.ParentRunner$3.run(ParentRunner.java:193)
	at org.junit.runners.ParentRunner$1.schedule(ParentRunner.java:52)
	at org.junit.runners.ParentRunner.runChildren(ParentRunner.java:191)
	at org.junit.runners.ParentRunner.access$000(ParentRunner.java:42)
	at org.junit.runners.ParentRunner$2.evaluate(ParentRunner.java:184)
	at org.junit.runners.ParentRunner.run(ParentRunner.java:236)
	at org.apache.maven.surefire.junit4.JUnit4Provider.execute(JUnit4Provider.java:264)
	at org.apache.maven.surefire.junit4.JUnit4Provider.executeTestSet(JUnit4Provider.java:153)
	at org.apache.maven.surefire.junit4.JUnit4Provider.invoke(JUnit4Provider.java:124)
	at org.apache.maven.surefire.booter.ForkedBooter.invokeProviderInSameClassLoader(ForkedBooter.java:200)
	at org.apache.maven.surefire.booter.ForkedBooter.runSuitesInProcess(ForkedBooter.java:153)
	at org.apache.maven.surefire.booter.ForkedBooter.main(ForkedBooter.java:103)
Caused by: java.net.ConnectException: Connection refused
	at java.net.PlainSocketImpl.socketConnect(Native Method)
	at java.net.AbstractPlainSocketImpl.doConnect(AbstractPlainSocketImpl.java:339)
	at java.net.AbstractPlainSocketImpl.connectToAddress(AbstractPlainSocketImpl.java:200)
	at java.net.AbstractPlainSocketImpl.connect(AbstractPlainSocketImpl.java:182)
	at java.net.SocksSocketImpl.connect(SocksSocketImpl.java:391)
	at java.net.Socket.connect(Socket.java:579)
	at java.net.Socket.connect(Socket.java:528)
	at sun.net.NetworkClient.doConnect(NetworkClient.java:180)
	at sun.net.www.http.HttpClient.openServer(HttpClient.java:378)
	at sun.net.www.http.HttpClient.openServer(HttpClient.java:473)
	at sun.net.www.http.HttpClient.<init>(HttpClient.java:203)
	at sun.net.www.http.HttpClient.New(HttpClient.java:290)
	at sun.net.www.http.HttpClient.New(HttpClient.java:306)
	at sun.net.www.protocol.http.HttpURLConnection.getNewHttpClient(HttpURLConnection.java:995)
	at sun.net.www.protocol.http.HttpURLConnection.plainConnect(HttpURLConnection.java:931)
	at sun.net.www.protocol.http.HttpURLConnection.connect(HttpURLConnection.java:849)
	at sun.net.www.protocol.http.HttpURLConnection.getInputStream(HttpURLConnection.java:1299)
	at java.net.HttpURLConnection.getResponseCode(HttpURLConnection.java:468)
	at com.sun.jersey.client.urlconnection.URLConnectionClientHandler._invoke(URLConnectionClientHandler.java:240)
	at com.sun.jersey.client.urlconnection.URLConnectionClientHandler.handle(URLConnectionClientHandler.java:147)
	at com.sun.jersey.api.client.Client.handle(Client.java:648)
	at com.sun.jersey.api.client.WebResource.handle(WebResource.java:670)
	at com.sun.jersey.api.client.WebResource.access$200(WebResource.java:74)
	at com.sun.jersey.api.client.WebResource$Builder.get(WebResource.java:503)
	at com.eclipsesource.restfuse.internal.InternalRequest.get(InternalRequest.java:72)
	at com.eclipsesource.restfuse.internal.HttpTestStatement.callService(HttpTestStatement.java:83)
	at com.eclipsesource.restfuse.internal.HttpTestStatement.sendRequest(HttpTestStatement.java:70)
	at com.eclipsesource.restfuse.internal.BasicStatement.evaluate(BasicStatement.java:30)
	at com.eclipsesource.restfuse.internal.HttpTestStatement.evaluate(HttpTestStatement.java:55)
	at org.junit.runners.BlockJUnit4ClassRunner.runNotIgnored(BlockJUnit4ClassRunner.java:79)
	at org.junit.runners.BlockJUnit4ClassRunner.runChild(BlockJUnit4ClassRunner.java:71)
	at org.junit.runners.BlockJUnit4ClassRunner.runChild(BlockJUnit4ClassRunner.java:49)
	at org.junit.runners.ParentRunner$3.run(ParentRunner.java:193)
	at org.junit.runners.ParentRunner$1.schedule(ParentRunner.java:52)
	at org.junit.runners.ParentRunner.runChildren(ParentRunner.java:191)
	at org.junit.runners.ParentRunner.access$000(ParentRunner.java:42)
	at org.junit.runners.ParentRunner$2.evaluate(ParentRunner.java:184)
	at org.junit.runners.ParentRunner.run(ParentRunner.java:236)
	at org.apache.maven.surefire.junit4.JUnit4Provider.execute(JUnit4Provider.java:264)
	at org.apache.maven.surefire.junit4.JUnit4Provider.executeTestSet(JUnit4Provider.java:153)
	at org.apache.maven.surefire.junit4.JUnit4Provider.invoke(JUnit4Provider.java:124)
	at org.apache.maven.surefire.booter.ForkedBooter.invokeProviderInSameClassLoader(ForkedBooter.java:200)
	at org.apache.maven.surefire.booter.ForkedBooter.runSuitesInProcess(ForkedBooter.java:153)
	at org.apache.maven.surefire.booter.ForkedBooter.main(ForkedBooter.java:103)

checkNutrientsTopList(com.glennbech.usda.IntegrationTest)  Time elapsed: 0.06 sec  <<< ERROR!
java.lang.IllegalStateException: com.sun.jersey.api.client.ClientHandlerException: java.net.ConnectException: Connection refused
	at com.eclipsesource.restfuse.internal.InternalRequest.get(InternalRequest.java:74)
	at com.eclipsesource.restfuse.internal.HttpTestStatement.callService(HttpTestStatement.java:83)
	at com.eclipsesource.restfuse.internal.HttpTestStatement.sendRequest(HttpTestStatement.java:70)
	at com.eclipsesource.restfuse.internal.BasicStatement.evaluate(BasicStatement.java:30)
	at com.eclipsesource.restfuse.internal.HttpTestStatement.evaluate(HttpTestStatement.java:55)
	at org.junit.runners.BlockJUnit4ClassRunner.runNotIgnored(BlockJUnit4ClassRunner.java:79)
	at org.junit.runners.BlockJUnit4ClassRunner.runChild(BlockJUnit4ClassRunner.java:71)
	at org.junit.runners.BlockJUnit4ClassRunner.runChild(BlockJUnit4ClassRunner.java:49)
	at org.junit.runners.ParentRunner$3.run(ParentRunner.java:193)
	at org.junit.runners.ParentRunner$1.schedule(ParentRunner.java:52)
	at org.junit.runners.ParentRunner.runChildren(ParentRunner.java:191)
	at org.junit.runners.ParentRunner.access$000(ParentRunner.java:42)
	at org.junit.runners.ParentRunner$2.evaluate(ParentRunner.java:184)
	at org.junit.runners.ParentRunner.run(ParentRunner.java:236)
	at org.apache.maven.surefire.junit4.JUnit4Provider.execute(JUnit4Provider.java:264)
	at org.apache.maven.surefire.junit4.JUnit4Provider.executeTestSet(JUnit4Provider.java:153)
	at org.apache.maven.surefire.junit4.JUnit4Provider.invoke(JUnit4Provider.java:124)
	at org.apache.maven.surefire.booter.ForkedBooter.invokeProviderInSameClassLoader(ForkedBooter.java:200)
	at org.apache.maven.surefire.booter.ForkedBooter.runSuitesInProcess(ForkedBooter.java:153)
	at org.apache.maven.surefire.booter.ForkedBooter.main(ForkedBooter.java:103)
Caused by: com.sun.jersey.api.client.ClientHandlerException: java.net.ConnectException: Connection refused
	at com.sun.jersey.client.urlconnection.URLConnectionClientHandler.handle(URLConnectionClientHandler.java:149)
	at com.sun.jersey.api.client.Client.handle(Client.java:648)
	at com.sun.jersey.api.client.WebResource.handle(WebResource.java:670)
	at com.sun.jersey.api.client.WebResource.access$200(WebResource.java:74)
	at com.sun.jersey.api.client.WebResource$Builder.get(WebResource.java:503)
	at com.eclipsesource.restfuse.internal.InternalRequest.get(InternalRequest.java:72)
	at com.eclipsesource.restfuse.internal.HttpTestStatement.callService(HttpTestStatement.java:83)
	at com.eclipsesource.restfuse.internal.HttpTestStatement.sendRequest(HttpTestStatement.java:70)
	at com.eclipsesource.restfuse.internal.BasicStatement.evaluate(BasicStatement.java:30)
	at com.eclipsesource.restfuse.internal.HttpTestStatement.evaluate(HttpTestStatement.java:55)
	at org.junit.runners.BlockJUnit4ClassRunner.runNotIgnored(BlockJUnit4ClassRunner.java:79)
	at org.junit.runners.BlockJUnit4ClassRunner.runChild(BlockJUnit4ClassRunner.java:71)
	at org.junit.runners.BlockJUnit4ClassRunner.runChild(BlockJUnit4ClassRunner.java:49)
	at org.junit.runners.ParentRunner$3.run(ParentRunner.java:193)
	at org.junit.runners.ParentRunner$1.schedule(ParentRunner.java:52)
	at org.junit.runners.ParentRunner.runChildren(ParentRunner.java:191)
	at org.junit.runners.ParentRunner.access$000(ParentRunner.java:42)
	at org.junit.runners.ParentRunner$2.evaluate(ParentRunner.java:184)
	at org.junit.runners.ParentRunner.run(ParentRunner.java:236)
	at org.apache.maven.surefire.junit4.JUnit4Provider.execute(JUnit4Provider.java:264)
	at org.apache.maven.surefire.junit4.JUnit4Provider.executeTestSet(JUnit4Provider.java:153)
	at org.apache.maven.surefire.junit4.JUnit4Provider.invoke(JUnit4Provider.java:124)
	at org.apache.maven.surefire.booter.ForkedBooter.invokeProviderInSameClassLoader(ForkedBooter.java:200)
	at org.apache.maven.surefire.booter.ForkedBooter.runSuitesInProcess(ForkedBooter.java:153)
	at org.apache.maven.surefire.booter.ForkedBooter.main(ForkedBooter.java:103)
Caused by: java.net.ConnectException: Connection refused
	at java.net.PlainSocketImpl.socketConnect(Native Method)
	at java.net.AbstractPlainSocketImpl.doConnect(AbstractPlainSocketImpl.java:339)
	at java.net.AbstractPlainSocketImpl.connectToAddress(AbstractPlainSocketImpl.java:200)
	at java.net.AbstractPlainSocketImpl.connect(AbstractPlainSocketImpl.java:182)
	at java.net.SocksSocketImpl.connect(SocksSocketImpl.java:391)
	at java.net.Socket.connect(Socket.java:579)
	at java.net.Socket.connect(Socket.java:528)
	at sun.net.NetworkClient.doConnect(NetworkClient.java:180)
	at sun.net.www.http.HttpClient.openServer(HttpClient.java:378)
	at sun.net.www.http.HttpClient.openServer(HttpClient.java:473)
	at sun.net.www.http.HttpClient.<init>(HttpClient.java:203)
	at sun.net.www.http.HttpClient.New(HttpClient.java:290)
	at sun.net.www.http.HttpClient.New(HttpClient.java:306)
	at sun.net.www.protocol.http.HttpURLConnection.getNewHttpClient(HttpURLConnection.java:995)
	at sun.net.www.protocol.http.HttpURLConnection.plainConnect(HttpURLConnection.java:931)
	at sun.net.www.protocol.http.HttpURLConnection.connect(HttpURLConnection.java:849)
	at sun.net.www.protocol.http.HttpURLConnection.getInputStream(HttpURLConnection.java:1299)
	at java.net.HttpURLConnection.getResponseCode(HttpURLConnection.java:468)
	at com.sun.jersey.client.urlconnection.URLConnectionClientHandler._invoke(URLConnectionClientHandler.java:240)
	at com.sun.jersey.client.urlconnection.URLConnectionClientHandler.handle(URLConnectionClientHandler.java:147)
	at com.sun.jersey.api.client.Client.handle(Client.java:648)
	at com.sun.jersey.api.client.WebResource.handle(WebResource.java:670)
	at com.sun.jersey.api.client.WebResource.access$200(WebResource.java:74)
	at com.sun.jersey.api.client.WebResource$Builder.get(WebResource.java:503)
	at com.eclipsesource.restfuse.internal.InternalRequest.get(InternalRequest.java:72)
	at com.eclipsesource.restfuse.internal.HttpTestStatement.callService(HttpTestStatement.java:83)
	at com.eclipsesource.restfuse.internal.HttpTestStatement.sendRequest(HttpTestStatement.java:70)
	at com.eclipsesource.restfuse.internal.BasicStatement.evaluate(BasicStatement.java:30)
	at com.eclipsesource.restfuse.internal.HttpTestStatement.evaluate(HttpTestStatement.java:55)
	at org.junit.runners.BlockJUnit4ClassRunner.runNotIgnored(BlockJUnit4ClassRunner.java:79)
	at org.junit.runners.BlockJUnit4ClassRunner.runChild(BlockJUnit4ClassRunner.java:71)
	at org.junit.runners.BlockJUnit4ClassRunner.runChild(BlockJUnit4ClassRunner.java:49)
	at org.junit.runners.ParentRunner$3.run(ParentRunner.java:193)
	at org.junit.runners.ParentRunner$1.schedule(ParentRunner.java:52)
	at org.junit.runners.ParentRunner.runChildren(ParentRunner.java:191)
	at org.junit.runners.ParentRunner.access$000(ParentRunner.java:42)
	at org.junit.runners.ParentRunner$2.evaluate(ParentRunner.java:184)
	at org.junit.runners.ParentRunner.run(ParentRunner.java:236)
	at org.apache.maven.surefire.junit4.JUnit4Provider.execute(JUnit4Provider.java:264)
	at org.apache.maven.surefire.junit4.JUnit4Provider.executeTestSet(JUnit4Provider.java:153)
	at org.apache.maven.surefire.junit4.JUnit4Provider.invoke(JUnit4Provider.java:124)
	at org.apache.maven.surefire.booter.ForkedBooter.invokeProviderInSameClassLoader(ForkedBooter.java:200)
	at org.apache.maven.surefire.booter.ForkedBooter.runSuitesInProcess(ForkedBooter.java:153)
	at org.apache.maven.surefire.booter.ForkedBooter.main(ForkedBooter.java:103)


Results :

Tests in error: 
  IntegrationTest.checkfoodItem  IllegalState com.sun.jersey.api.client.ClientH...
  IntegrationTest.checkFoodGroupsOk  IllegalState com.sun.jersey.api.client.Cli...
  IntegrationTest.checkfoodItemWithNutrients  IllegalState com.sun.jersey.api.c...
  IntegrationTest.checkfoodItemWithNutrientsAndWeights  IllegalState com.sun.je...
  IntegrationTest.checkNutrients  IllegalState com.sun.jersey.api.client.Client...
  IntegrationTest.checkNutrientsTopList  IllegalState com.sun.jersey.api.client...

Tests run: 6, Failures: 0, Errors: 6, Skipped: 0

[INFO] ------------------------------------------------------------------------
[INFO] BUILD FAILURE
[INFO] ------------------------------------------------------------------------
[INFO] Total time: 2.360s
[INFO] Finished at: Sat Jul 20 11:43:32 CEST 2013
[INFO] Final Memory: 10M/205M
[INFO] ------------------------------------------------------------------------
[ERROR] Failed to execute goal org.apache.maven.plugins:maven-surefire-plugin:2.15:test (default-test) on project rs22-server: There are test failures.
[ERROR] 
[ERROR] Please refer to /Users/glennbech/dev/usda-api-server/target/surefire-reports for the individual test results.
[ERROR] -> [Help 1]
org.apache.maven.lifecycle.LifecycleExecutionException: Failed to execute goal org.apache.maven.plugins:maven-surefire-plugin:2.15:test (default-test) on project rs22-server: There are test failures.

Please refer to /Users/glennbech/dev/usda-api-server/target/surefire-reports for the individual test results.
	at org.apache.maven.lifecycle.internal.MojoExecutor.execute(MojoExecutor.java:213)
	at org.apache.maven.lifecycle.internal.MojoExecutor.execute(MojoExecutor.java:153)
	at org.apache.maven.lifecycle.internal.MojoExecutor.execute(MojoExecutor.java:145)
	at org.apache.maven.lifecycle.internal.LifecycleModuleBuilder.buildProject(LifecycleModuleBuilder.java:84)
	at org.apache.maven.lifecycle.internal.LifecycleModuleBuilder.buildProject(LifecycleModuleBuilder.java:59)
	at org.apache.maven.lifecycle.internal.LifecycleStarter.singleThreadedBuild(LifecycleStarter.java:183)
	at org.apache.maven.lifecycle.internal.LifecycleStarter.execute(LifecycleStarter.java:161)
	at org.apache.maven.DefaultMaven.doExecute(DefaultMaven.java:320)
	at org.apache.maven.DefaultMaven.execute(DefaultMaven.java:156)
	at org.apache.maven.cli.MavenCli.execute(MavenCli.java:537)
	at org.apache.maven.cli.MavenCli.doMain(MavenCli.java:196)
	at org.apache.maven.cli.MavenCli.main(MavenCli.java:141)
	at sun.reflect.NativeMethodAccessorImpl.invoke0(Native Method)
	at sun.reflect.NativeMethodAccessorImpl.invoke(NativeMethodAccessorImpl.java:57)
	at sun.reflect.DelegatingMethodAccessorImpl.invoke(DelegatingMethodAccessorImpl.java:43)
	at java.lang.reflect.Method.invoke(Method.java:601)
	at org.codehaus.plexus.classworlds.launcher.Launcher.launchEnhanced(Launcher.java:290)
	at org.codehaus.plexus.classworlds.launcher.Launcher.launch(Launcher.java:230)
	at org.codehaus.plexus.classworlds.launcher.Launcher.mainWithExitCode(Launcher.java:409)
	at org.codehaus.plexus.classworlds.launcher.Launcher.main(Launcher.java:352)
Caused by: org.apache.maven.plugin.MojoFailureException: There are test failures.

Please refer to /Users/glennbech/dev/usda-api-server/target/surefire-reports for the individual test results.
	at org.apache.maven.plugin.surefire.SurefireHelper.reportExecution(SurefireHelper.java:82)
	at org.apache.maven.plugin.surefire.SurefirePlugin.handleSummary(SurefirePlugin.java:169)
	at org.apache.maven.plugin.surefire.AbstractSurefireMojo.executeAfterPreconditionsChecked(AbstractSurefireMojo.java:777)
	at org.apache.maven.plugin.surefire.AbstractSurefireMojo.execute(AbstractSurefireMojo.java:645)
	at org.apache.maven.plugin.DefaultBuildPluginManager.executeMojo(DefaultBuildPluginManager.java:101)
	at org.apache.maven.lifecycle.internal.MojoExecutor.execute(MojoExecutor.java:209)
	... 19 more
[ERROR] 
[ERROR] 
[ERROR] For more information about the errors and possible solutions, please read the following articles:
[ERROR] [Help 1] http://cwiki.apache.org/confluence/display/MAVEN/MojoFailureException
