<?xml version="1.0" encoding="UTF-8"?>
<testsuite name="com.glennbech.usda.RestIT" time="2.233" tests="16" errors="3" skipped="0" failures="4">
  <properties>
[...]
</properties>
  <testcase name="checkFoodGroupsOk" classname="com.glennbech.usda.RestIT" time="0.696"/>
  <testcase name="checkFoodGroupsWithInvalidPageSize" classname="com.glennbech.usda.RestIT" time="0.111"/>
  <testcase name="checkFoodGroupsPageTwo" classname="com.glennbech.usda.RestIT" time="0.146"/>
  <testcase name="checkfoodItem" classname="com.glennbech.usda.RestIT" time="0.21">
    <error message="JSONObject[&quot;longDescription&quot;] not found." type="org.codehaus.jettison.json.JSONException">org.codehaus.jettison.json.JSONException: JSONObject["longDescription"] not found.
	at org.codehaus.jettison.json.JSONObject.get(JSONObject.java:360)
	at com.glennbech.usda.RestIT.checkfoodItem(RestIT.java:56)
</error>
  </testcase>
  <testcase name="searchForApple" classname="com.glennbech.usda.RestIT" time="0.117">
    <failure message="expected:&lt;66&gt; but was:&lt;83&gt;" type="junit.framework.AssertionFailedError"><![CDATA[junit.framework.AssertionFailedError: expected:<66> but was:<83>
	at junit.framework.Assert.fail(Assert.java:47)
	at junit.framework.Assert.failNotEquals(Assert.java:283)
	at junit.framework.Assert.assertEquals(Assert.java:64)
	at junit.framework.Assert.assertEquals(Assert.java:195)
	at junit.framework.Assert.assertEquals(Assert.java:201)
	at com.glennbech.usda.RestIT.searchForApple(RestIT.java:64)
]]></failure>
  </testcase>
  <testcase name="searchForAppleWithPageSize" classname="com.glennbech.usda.RestIT" time="0.12">
    <failure message="expected:&lt;66&gt; but was:&lt;83&gt;" type="junit.framework.AssertionFailedError"><![CDATA[junit.framework.AssertionFailedError: expected:<66> but was:<83>
	at junit.framework.Assert.fail(Assert.java:47)
	at junit.framework.Assert.failNotEquals(Assert.java:283)
	at junit.framework.Assert.assertEquals(Assert.java:64)
	at junit.framework.Assert.assertEquals(Assert.java:195)
	at junit.framework.Assert.assertEquals(Assert.java:201)
	at com.glennbech.usda.RestIT.searchForAppleWithPageSize(RestIT.java:72)
]]></failure>
  </testcase>
  <testcase name="searchForAppleWithFoodGroup" classname="com.glennbech.usda.RestIT" time="0.103"/>
  <testcase name="searchForAppleWithPageSizePageTwo" classname="com.glennbech.usda.RestIT" time="0.081">
    <failure message="expected:&lt;66&gt; but was:&lt;83&gt;" type="junit.framework.AssertionFailedError"><![CDATA[junit.framework.AssertionFailedError: expected:<66> but was:<83>
	at junit.framework.Assert.fail(Assert.java:47)
	at junit.framework.Assert.failNotEquals(Assert.java:283)
	at junit.framework.Assert.assertEquals(Assert.java:64)
	at junit.framework.Assert.assertEquals(Assert.java:195)
	at junit.framework.Assert.assertEquals(Assert.java:201)
	at com.glennbech.usda.RestIT.searchForAppleWithPageSizePageTwo(RestIT.java:87)
]]></failure>
  </testcase>
  <testcase name="checkfoodItemWithNutrients" classname="com.glennbech.usda.RestIT" time="0.086">
    <error message="JSONObject[&quot;nutrients&quot;] not found." type="org.codehaus.jettison.json.JSONException">org.codehaus.jettison.json.JSONException: JSONObject["nutrients"] not found.
	at org.codehaus.jettison.json.JSONObject.get(JSONObject.java:360)
	at org.codehaus.jettison.json.JSONObject.getJSONArray(JSONObject.java:436)
	at com.glennbech.usda.RestIT.checkfoodItemWithNutrients(RestIT.java:99)
</error>
  </testcase>
  <testcase name="checkfoodItemWithNutrientsAndWeights" classname="com.glennbech.usda.RestIT" time="0.099">
    <error message="JSONObject[&quot;nutrients&quot;] not found." type="org.codehaus.jettison.json.JSONException">org.codehaus.jettison.json.JSONException: JSONObject["nutrients"] not found.
	at org.codehaus.jettison.json.JSONObject.get(JSONObject.java:360)
	at org.codehaus.jettison.json.JSONObject.getJSONArray(JSONObject.java:436)
	at com.glennbech.usda.RestIT.checkfoodItemWithNutrientsAndWeights(RestIT.java:108)
</error>
  </testcase>
  <testcase name="checkNutrients" classname="com.glennbech.usda.RestIT" time="0.142">
    <failure message="expected:&lt;200&gt; but was:&lt;500&gt;" type="java.lang.AssertionError"><![CDATA[java.lang.AssertionError: expected:<200> but was:<500>
	at org.junit.Assert.fail(Assert.java:91)
	at org.junit.Assert.failNotEquals(Assert.java:645)
	at org.junit.Assert.assertEquals(Assert.java:126)
	at org.junit.Assert.assertEquals(Assert.java:470)
	at org.junit.Assert.assertEquals(Assert.java:454)
	at com.eclipsesource.restfuse.Assert.doCheckStatus(Assert.java:99)
	at com.eclipsesource.restfuse.Assert.assertOk(Assert.java:23)
	at com.glennbech.usda.RestIT.checkNutrients(RestIT.java:117)
]]></failure>
  </testcase>
  <testcase name="checkNutrientsTopList" classname="com.glennbech.usda.RestIT" time="0.069"/>
  <testcase name="getFoodGroupDetails" classname="com.glennbech.usda.RestIT" time="0.074"/>
  <testcase name="getUnknowFoodItem" classname="com.glennbech.usda.RestIT" time="0.063"/>
  <testcase name="getInvalidPageSize" classname="com.glennbech.usda.RestIT" time="0.054"/>
  <testcase name="getInvalidSearchCriteria" classname="com.glennbech.usda.RestIT" time="0.062"/>
</testsuite>